Sender: LSF System <lsfadmin@lc01g09>
Subject: Job 89817847: <ldsc:calculate_ld_score:annotprefix=Astrocyte_enhancers,chr_nums=20> in cluster <chimera> Done

Job <ldsc:calculate_ld_score:annotprefix=Astrocyte_enhancers,chr_nums=20> was submitted from host <lc03e30> by user <ravia04> in cluster <chimera> at Tue May 16 15:10:50 2023
Job was executed on host(s) <4*lc01g09>, in queue <premium>, as user <ravia04> in cluster <chimera> at Tue May 16 15:10:55 2023
</hpc/users/ravia04> was used as the home directory.
</sc/arion/projects/ad-omics/ashvin/pipelines/ldsc> was used as the working directory.
Started at Tue May 16 15:10:55 2023
Terminated at Tue May 16 15:12:10 2023
Results reported at Tue May 16 15:12:10 2023

Your job looked like:

------------------------------------------------------------
# LSBATCH: User input
#!/bin/sh
# properties = {"type": "single", "rule": "calculate_ld_score", "local": false, "input": ["psp_enrichment_results//annotation_files/Astrocyte_enhancers.a.20.annot.gz"], "output": ["psp_enrichment_results//annotation_files/Astrocyte_enhancers.a.20.l2.ldscore.gz", "psp_enrichment_results//annotation_files/Astrocyte_enhancers.a.20.l2.M", "psp_enrichment_results//annotation_files/Astrocyte_enhancers.a.20.l2.M_5_50"], "wildcards": {"annotprefix": "Astrocyte_enhancers", "chr_nums": "20"}, "params": {"chr_nums": [1, 2, 3, 4, 5, 6, 7, 8, 9, 10, 11, 12, 13, 14, 15, 16, 17, 18, 19, 20, 21, 22], "outfolder": ["psp_enrichment_results/"]}, "log": [], "threads": 1, "resources": {"tmpdir": "/tmp"}, "jobid": 252, "cluster": {"queue": "premium", "cores": 4, "mem": 10000, "time": "300", "name": "$(basename $(pwd)):calculate_ld_score:annotprefix=Astrocyte_enhancers,chr_nums=20", "output": "logs/calculate_ld_score:annotprefix=Astrocyte_enhancers,chr_nums=20.stdout", "error": "logs/calculate_ld_score:annotprefix=Astrocyte_enhancers,chr_nums=20.stderr", "himem": ""}}
 cd /sc/arion/projects/ad-omics/ashvin/pipelines/ldsc && \
/sc/arion/projects/ad-omics/conda/envs/snakemake/bin/python3.1 \
-m snakemake psp_enrichment_results//annotation_files/Astrocyte_enhancers.a.20.l2.ldscore.gz --snakefile /sc/arion/projects/ad-omics/ashvin/pipelines/ldsc/Snakefile \
--force --cores all --keep-target-files --keep-remote --max-inventory-time 0 \
--wait-for-files '/sc/arion/projects/ad-omics/ashvin/pipelines/ldsc/.snakemake/tmp.nblzxt6t' 'psp_enrichment_results//annotation_files/Astrocyte_enhancers.a.20.annot.gz' --latency-wait 30 \
 --attempt 1 --force-use-threads --scheduler ilp \
--wrapper-prefix https://github.com/snakemake/snakemake-wrappers/raw/ \
 --configfiles /sc/arion/projects/ad-omics/ashvin/pipelines/ldsc/config.yaml --config mode=Null  --allowed-rules calculate_ld_score --nocolor --notemp --no-hooks --nolock --scheduler-solver-path /sc/arion/projects/ad-omics/conda/envs/snakemake/bin \
--mode 2  --use-conda  --conda-frontend mamba  --conda-base-path /hpc/packages/minerva-common/anaconda3/5.0.1  --default-resources "tmpdir=system_tmpdir" 


------------------------------------------------------------

Successfully completed.

Resource usage summary:

    CPU time :                                   66.23 sec.
    Max Memory :                                 377 MB
    Average Memory :                             259.59 MB
    Total Requested Memory :                     40000.00 MB
    Delta Memory :                               39623.00 MB
    Max Swap :                                   -
    Max Processes :                              7
    Max Threads :                                12
    Run time :                                   75 sec.
    Turnaround time :                            80 sec.

The output (if any) follows:

psp_enrichment_results//annotation_files/Astrocyte_enhancers.a.20
psp_enrichment_results//annotation_files/Astrocyte_enhancers.a.20
*********************************************************************
* LD Score Regression (LDSC)
* Version 1.0.0
* (C) 2014-2015 Brendan Bulik-Sullivan and Hilary Finucane
* Broad Institute of MIT and Harvard / MIT Department of Mathematics
* GNU General Public License v3
*********************************************************************
Call: 
./ldsc.py \
--ld-wind-cm 1.0 \
--out psp_enrichment_results//annotation_files/Astrocyte_enhancers.a.20 \
--bfile /sc/arion/projects/ad-omics/ashvin/ldsc_annotations/1000G_EUR_Phase3_plink/1000G.EUR.QC.20 \
--annot psp_enrichment_results//annotation_files/Astrocyte_enhancers.a.20.annot.gz \
--l2  

Beginning analysis at Tue May 16 15:11:09 2023
Read list of 221626 SNPs from /sc/arion/projects/ad-omics/ashvin/ldsc_annotations/1000G_EUR_Phase3_plink/1000G.EUR.QC.20.bim
Read 2 annotations for 221626 SNPs from psp_enrichment_results//annotation_files/Astrocyte_enhancers.a.20.annot.gz
Read list of 489 individuals from /sc/arion/projects/ad-omics/ashvin/ldsc_annotations/1000G_EUR_Phase3_plink/1000G.EUR.QC.20.fam
Reading genotypes from /sc/arion/projects/ad-omics/ashvin/ldsc_annotations/1000G_EUR_Phase3_plink/1000G.EUR.QC.20.bed
After filtering, 221626 SNPs remain
Estimating LD Score.
Writing LD Scores for 221626 SNPs to psp_enrichment_results//annotation_files/Astrocyte_enhancers.a.20.l2.ldscore.gz

Summary of LD Scores in psp_enrichment_results//annotation_files/Astrocyte_enhancers.a.20.l2.ldscore.gz
         MAF    baseL2  ANNOTL2
mean  0.1482   81.2170   2.3393
std   0.1493   92.3758   6.0566
min   0.0051   -7.9044  -0.5986
25%   0.0184   22.0708   0.0121
50%   0.0869   52.1324   0.2568
75%   0.2536  102.9576   1.6223
max   0.5000  657.6678  67.8733

MAF/LD Score Correlation Matrix
            MAF  baseL2  ANNOTL2
MAF      1.0000  0.3627   0.1407
baseL2   0.3627  1.0000   0.4797
ANNOTL2  0.1407  0.4797   1.0000

LD Score Matrix Condition Number
23.1559

Annotation Correlation Matrix
       base  ANNOT
base    NaN    NaN
ANNOT   NaN    1.0

Annotation Matrix Column Sums
base     221626
ANNOT      6648

Summary of Annotation Matrix Row Sums
count    221626.0000
mean          1.0300
std           0.1706
min           1.0000
25%           1.0000
50%           1.0000
75%           1.0000
max           2.0000
Analysis finished at Tue May 16 15:12:09 2023
Total time elapsed: 1.0m:0.29s


PS:

Read file <cluster/calculate_ld_score_annotprefix=Astrocyte_enhancers,chr_nums=20.stderr> for stderr output of this job.

