Sender: LSF System <lsfadmin@lc03g22>
Subject: Job 89817866: <ldsc:calculate_ld_score:annotprefix=Oligo_promoters,chr_nums=5> in cluster <chimera> Done

Job <ldsc:calculate_ld_score:annotprefix=Oligo_promoters,chr_nums=5> was submitted from host <lc03e30> by user <ravia04> in cluster <chimera> at Tue May 16 15:11:11 2023
Job was executed on host(s) <4*lc03g22>, in queue <premium>, as user <ravia04> in cluster <chimera> at Tue May 16 15:11:14 2023
</hpc/users/ravia04> was used as the home directory.
</sc/arion/projects/ad-omics/ashvin/pipelines/ldsc> was used as the working directory.
Started at Tue May 16 15:11:14 2023
Terminated at Tue May 16 15:15:36 2023
Results reported at Tue May 16 15:15:36 2023

Your job looked like:

------------------------------------------------------------
# LSBATCH: User input
#!/bin/sh
# properties = {"type": "single", "rule": "calculate_ld_score", "local": false, "input": ["psp_enrichment_results//annotation_files/Oligo_promoters.a.5.annot.gz"], "output": ["psp_enrichment_results//annotation_files/Oligo_promoters.a.5.l2.ldscore.gz", "psp_enrichment_results//annotation_files/Oligo_promoters.a.5.l2.M", "psp_enrichment_results//annotation_files/Oligo_promoters.a.5.l2.M_5_50"], "wildcards": {"annotprefix": "Oligo_promoters", "chr_nums": "5"}, "params": {"chr_nums": [1, 2, 3, 4, 5, 6, 7, 8, 9, 10, 11, 12, 13, 14, 15, 16, 17, 18, 19, 20, 21, 22], "outfolder": ["psp_enrichment_results/"]}, "log": [], "threads": 1, "resources": {"tmpdir": "/tmp"}, "jobid": 259, "cluster": {"queue": "premium", "cores": 4, "mem": 10000, "time": "300", "name": "$(basename $(pwd)):calculate_ld_score:annotprefix=Oligo_promoters,chr_nums=5", "output": "logs/calculate_ld_score:annotprefix=Oligo_promoters,chr_nums=5.stdout", "error": "logs/calculate_ld_score:annotprefix=Oligo_promoters,chr_nums=5.stderr", "himem": ""}}
 cd /sc/arion/projects/ad-omics/ashvin/pipelines/ldsc && \
/sc/arion/projects/ad-omics/conda/envs/snakemake/bin/python3.1 \
-m snakemake psp_enrichment_results//annotation_files/Oligo_promoters.a.5.l2.ldscore.gz --snakefile /sc/arion/projects/ad-omics/ashvin/pipelines/ldsc/Snakefile \
--force --cores all --keep-target-files --keep-remote --max-inventory-time 0 \
--wait-for-files '/sc/arion/projects/ad-omics/ashvin/pipelines/ldsc/.snakemake/tmp.nblzxt6t' 'psp_enrichment_results//annotation_files/Oligo_promoters.a.5.annot.gz' --latency-wait 30 \
 --attempt 1 --force-use-threads --scheduler ilp \
--wrapper-prefix https://github.com/snakemake/snakemake-wrappers/raw/ \
 --configfiles /sc/arion/projects/ad-omics/ashvin/pipelines/ldsc/config.yaml --config mode=Null  --allowed-rules calculate_ld_score --nocolor --notemp --no-hooks --nolock --scheduler-solver-path /sc/arion/projects/ad-omics/conda/envs/snakemake/bin \
--mode 2  --use-conda  --conda-frontend mamba  --conda-base-path /hpc/packages/minerva-common/anaconda3/5.0.1  --default-resources "tmpdir=system_tmpdir" 


------------------------------------------------------------

Successfully completed.

Resource usage summary:

    CPU time :                                   255.53 sec.
    Max Memory :                                 640 MB
    Average Memory :                             524.68 MB
    Total Requested Memory :                     40000.00 MB
    Delta Memory :                               39360.00 MB
    Max Swap :                                   -
    Max Processes :                              8
    Max Threads :                                13
    Run time :                                   262 sec.
    Turnaround time :                            265 sec.

The output (if any) follows:

psp_enrichment_results//annotation_files/Oligo_promoters.a.5
psp_enrichment_results//annotation_files/Oligo_promoters.a.5
*********************************************************************
* LD Score Regression (LDSC)
* Version 1.0.0
* (C) 2014-2015 Brendan Bulik-Sullivan and Hilary Finucane
* Broad Institute of MIT and Harvard / MIT Department of Mathematics
* GNU General Public License v3
*********************************************************************
Call: 
./ldsc.py \
--ld-wind-cm 1.0 \
--out psp_enrichment_results//annotation_files/Oligo_promoters.a.5 \
--bfile /sc/arion/projects/ad-omics/ashvin/ldsc_annotations/1000G_EUR_Phase3_plink/1000G.EUR.QC.5 \
--annot psp_enrichment_results//annotation_files/Oligo_promoters.a.5.annot.gz \
--l2  

Beginning analysis at Tue May 16 15:11:25 2023
Read list of 633015 SNPs from /sc/arion/projects/ad-omics/ashvin/ldsc_annotations/1000G_EUR_Phase3_plink/1000G.EUR.QC.5.bim
Read 2 annotations for 633015 SNPs from psp_enrichment_results//annotation_files/Oligo_promoters.a.5.annot.gz
Read list of 489 individuals from /sc/arion/projects/ad-omics/ashvin/ldsc_annotations/1000G_EUR_Phase3_plink/1000G.EUR.QC.5.fam
Reading genotypes from /sc/arion/projects/ad-omics/ashvin/ldsc_annotations/1000G_EUR_Phase3_plink/1000G.EUR.QC.5.bed
After filtering, 633015 SNPs remain
Estimating LD Score.
Writing LD Scores for 633015 SNPs to psp_enrichment_results//annotation_files/Oligo_promoters.a.5.l2.ldscore.gz

Summary of LD Scores in psp_enrichment_results//annotation_files/Oligo_promoters.a.5.l2.ldscore.gz
         MAF     baseL2  ANNOTL2
mean  0.1479   119.6371   0.8319
std   0.1489   148.8584   1.9057
min   0.0051   -13.3146  -0.2721
25%   0.0184    33.0889   0.0030
50%   0.0869    77.7512   0.1031
75%   0.2577   157.0414   0.6527
max   0.5000  1898.3441  29.0152

MAF/LD Score Correlation Matrix
            MAF  baseL2  ANNOTL2
MAF      1.0000  0.3332   0.1449
baseL2   0.3332  1.0000   0.2977
ANNOTL2  0.1449  0.2977   1.0000

LD Score Matrix Condition Number
103.6369

Annotation Correlation Matrix
       base  ANNOT
base    NaN    NaN
ANNOT   NaN    1.0

Annotation Matrix Column Sums
base     633015
ANNOT      5253

Summary of Annotation Matrix Row Sums
count    633015.0000
mean          1.0083
std           0.0907
min           1.0000
25%           1.0000
50%           1.0000
75%           1.0000
max           2.0000
Analysis finished at Tue May 16 15:15:34 2023
Total time elapsed: 4.0m:8.36s


PS:

Read file <cluster/calculate_ld_score_annotprefix=Oligo_promoters,chr_nums=5.stderr> for stderr output of this job.

