Sender: LSF System <lsfadmin@lc03e04>
Subject: Job 89817790: <ldsc:calculate_ld_score:annotprefix=Neuronal_enhancers,chr_nums=7> in cluster <chimera> Done

Job <ldsc:calculate_ld_score:annotprefix=Neuronal_enhancers,chr_nums=7> was submitted from host <lc03e30> by user <ravia04> in cluster <chimera> at Tue May 16 15:10:44 2023
Job was executed on host(s) <4*lc03e04>, in queue <premium>, as user <ravia04> in cluster <chimera> at Tue May 16 15:10:49 2023
</hpc/users/ravia04> was used as the home directory.
</sc/arion/projects/ad-omics/ashvin/pipelines/ldsc> was used as the working directory.
Started at Tue May 16 15:10:49 2023
Terminated at Tue May 16 15:14:42 2023
Results reported at Tue May 16 15:14:42 2023

Your job looked like:

------------------------------------------------------------
# LSBATCH: User input
#!/bin/sh
# properties = {"type": "single", "rule": "calculate_ld_score", "local": false, "input": ["psp_enrichment_results//annotation_files/Neuronal_enhancers.a.7.annot.gz"], "output": ["psp_enrichment_results//annotation_files/Neuronal_enhancers.a.7.l2.ldscore.gz", "psp_enrichment_results//annotation_files/Neuronal_enhancers.a.7.l2.M", "psp_enrichment_results//annotation_files/Neuronal_enhancers.a.7.l2.M_5_50"], "wildcards": {"annotprefix": "Neuronal_enhancers", "chr_nums": "7"}, "params": {"chr_nums": [1, 2, 3, 4, 5, 6, 7, 8, 9, 10, 11, 12, 13, 14, 15, 16, 17, 18, 19, 20, 21, 22], "outfolder": ["psp_enrichment_results/"]}, "log": [], "threads": 1, "resources": {"tmpdir": "/tmp"}, "jobid": 327, "cluster": {"queue": "premium", "cores": 4, "mem": 10000, "time": "300", "name": "$(basename $(pwd)):calculate_ld_score:annotprefix=Neuronal_enhancers,chr_nums=7", "output": "logs/calculate_ld_score:annotprefix=Neuronal_enhancers,chr_nums=7.stdout", "error": "logs/calculate_ld_score:annotprefix=Neuronal_enhancers,chr_nums=7.stderr", "himem": ""}}
 cd /sc/arion/projects/ad-omics/ashvin/pipelines/ldsc && \
/sc/arion/projects/ad-omics/conda/envs/snakemake/bin/python3.1 \
-m snakemake psp_enrichment_results//annotation_files/Neuronal_enhancers.a.7.l2.ldscore.gz --snakefile /sc/arion/projects/ad-omics/ashvin/pipelines/ldsc/Snakefile \
--force --cores all --keep-target-files --keep-remote --max-inventory-time 0 \
--wait-for-files '/sc/arion/projects/ad-omics/ashvin/pipelines/ldsc/.snakemake/tmp.nblzxt6t' 'psp_enrichment_results//annotation_files/Neuronal_enhancers.a.7.annot.gz' --latency-wait 30 \
 --attempt 1 --force-use-threads --scheduler ilp \
--wrapper-prefix https://github.com/snakemake/snakemake-wrappers/raw/ \
 --configfiles /sc/arion/projects/ad-omics/ashvin/pipelines/ldsc/config.yaml --config mode=Null  --allowed-rules calculate_ld_score --nocolor --notemp --no-hooks --nolock --scheduler-solver-path /sc/arion/projects/ad-omics/conda/envs/snakemake/bin \
--mode 2  --use-conda  --conda-frontend mamba  --conda-base-path /hpc/packages/minerva-common/anaconda3/5.0.1  --default-resources "tmpdir=system_tmpdir" 


------------------------------------------------------------

Successfully completed.

Resource usage summary:

    CPU time :                                   215.28 sec.
    Max Memory :                                 615 MB
    Average Memory :                             481.86 MB
    Total Requested Memory :                     40000.00 MB
    Delta Memory :                               39385.00 MB
    Max Swap :                                   -
    Max Processes :                              7
    Max Threads :                                12
    Run time :                                   232 sec.
    Turnaround time :                            238 sec.

The output (if any) follows:

psp_enrichment_results//annotation_files/Neuronal_enhancers.a.7
psp_enrichment_results//annotation_files/Neuronal_enhancers.a.7
*********************************************************************
* LD Score Regression (LDSC)
* Version 1.0.0
* (C) 2014-2015 Brendan Bulik-Sullivan and Hilary Finucane
* Broad Institute of MIT and Harvard / MIT Department of Mathematics
* GNU General Public License v3
*********************************************************************
Call: 
./ldsc.py \
--ld-wind-cm 1.0 \
--out psp_enrichment_results//annotation_files/Neuronal_enhancers.a.7 \
--bfile /sc/arion/projects/ad-omics/ashvin/ldsc_annotations/1000G_EUR_Phase3_plink/1000G.EUR.QC.7 \
--annot psp_enrichment_results//annotation_files/Neuronal_enhancers.a.7.annot.gz \
--l2  

Beginning analysis at Tue May 16 15:11:08 2023
Read list of 589569 SNPs from /sc/arion/projects/ad-omics/ashvin/ldsc_annotations/1000G_EUR_Phase3_plink/1000G.EUR.QC.7.bim
Read 2 annotations for 589569 SNPs from psp_enrichment_results//annotation_files/Neuronal_enhancers.a.7.annot.gz
Read list of 489 individuals from /sc/arion/projects/ad-omics/ashvin/ldsc_annotations/1000G_EUR_Phase3_plink/1000G.EUR.QC.7.fam
Reading genotypes from /sc/arion/projects/ad-omics/ashvin/ldsc_annotations/1000G_EUR_Phase3_plink/1000G.EUR.QC.7.bed
After filtering, 589569 SNPs remain
Estimating LD Score.
Writing LD Scores for 589569 SNPs to psp_enrichment_results//annotation_files/Neuronal_enhancers.a.7.l2.ldscore.gz

Summary of LD Scores in psp_enrichment_results//annotation_files/Neuronal_enhancers.a.7.l2.ldscore.gz
         MAF     baseL2   ANNOTL2
mean  0.1498   118.3970    3.4332
std   0.1496   146.2625    7.0890
min   0.0051   -12.0144   -0.8877
25%   0.0194    33.6981    0.2737
50%   0.0879    77.0755    1.1465
75%   0.2587   150.3558    3.4558
max   0.5000  1236.5470  109.6171

MAF/LD Score Correlation Matrix
            MAF  baseL2  ANNOTL2
MAF      1.0000  0.3169   0.1379
baseL2   0.3169  1.0000   0.3133
ANNOTL2  0.1379  0.3133   1.0000

LD Score Matrix Condition Number
27.479

Annotation Correlation Matrix
       base  ANNOT
base    NaN    NaN
ANNOT   NaN    1.0

Annotation Matrix Column Sums
base     589569
ANNOT     23327

Summary of Annotation Matrix Row Sums
count    589569.0000
mean          1.0396
std           0.1949
min           1.0000
25%           1.0000
50%           1.0000
75%           1.0000
max           2.0000
Analysis finished at Tue May 16 15:14:39 2023
Total time elapsed: 3.0m:30.73s


PS:

Read file <cluster/calculate_ld_score_annotprefix=Neuronal_enhancers,chr_nums=7.stderr> for stderr output of this job.

