Sender: LSF System <lsfadmin@lc03g16>
Subject: Job 89817831: <ldsc:calculate_ld_score:annotprefix=Astrocyte_enhancers,chr_nums=15> in cluster <chimera> Done

Job <ldsc:calculate_ld_score:annotprefix=Astrocyte_enhancers,chr_nums=15> was submitted from host <lc03e30> by user <ravia04> in cluster <chimera> at Tue May 16 15:10:48 2023
Job was executed on host(s) <4*lc03g16>, in queue <premium>, as user <ravia04> in cluster <chimera> at Tue May 16 15:10:49 2023
</hpc/users/ravia04> was used as the home directory.
</sc/arion/projects/ad-omics/ashvin/pipelines/ldsc> was used as the working directory.
Started at Tue May 16 15:10:49 2023
Terminated at Tue May 16 15:12:44 2023
Results reported at Tue May 16 15:12:44 2023

Your job looked like:

------------------------------------------------------------
# LSBATCH: User input
#!/bin/sh
# properties = {"type": "single", "rule": "calculate_ld_score", "local": false, "input": ["psp_enrichment_results//annotation_files/Astrocyte_enhancers.a.15.annot.gz"], "output": ["psp_enrichment_results//annotation_files/Astrocyte_enhancers.a.15.l2.ldscore.gz", "psp_enrichment_results//annotation_files/Astrocyte_enhancers.a.15.l2.M", "psp_enrichment_results//annotation_files/Astrocyte_enhancers.a.15.l2.M_5_50"], "wildcards": {"annotprefix": "Astrocyte_enhancers", "chr_nums": "15"}, "params": {"chr_nums": [1, 2, 3, 4, 5, 6, 7, 8, 9, 10, 11, 12, 13, 14, 15, 16, 17, 18, 19, 20, 21, 22], "outfolder": ["psp_enrichment_results/"]}, "log": [], "threads": 1, "resources": {"tmpdir": "/tmp"}, "jobid": 247, "cluster": {"queue": "premium", "cores": 4, "mem": 10000, "time": "300", "name": "$(basename $(pwd)):calculate_ld_score:annotprefix=Astrocyte_enhancers,chr_nums=15", "output": "logs/calculate_ld_score:annotprefix=Astrocyte_enhancers,chr_nums=15.stdout", "error": "logs/calculate_ld_score:annotprefix=Astrocyte_enhancers,chr_nums=15.stderr", "himem": ""}}
 cd /sc/arion/projects/ad-omics/ashvin/pipelines/ldsc && \
/sc/arion/projects/ad-omics/conda/envs/snakemake/bin/python3.1 \
-m snakemake psp_enrichment_results//annotation_files/Astrocyte_enhancers.a.15.l2.ldscore.gz --snakefile /sc/arion/projects/ad-omics/ashvin/pipelines/ldsc/Snakefile \
--force --cores all --keep-target-files --keep-remote --max-inventory-time 0 \
--wait-for-files '/sc/arion/projects/ad-omics/ashvin/pipelines/ldsc/.snakemake/tmp.nblzxt6t' 'psp_enrichment_results//annotation_files/Astrocyte_enhancers.a.15.annot.gz' --latency-wait 30 \
 --attempt 1 --force-use-threads --scheduler ilp \
--wrapper-prefix https://github.com/snakemake/snakemake-wrappers/raw/ \
 --configfiles /sc/arion/projects/ad-omics/ashvin/pipelines/ldsc/config.yaml --config mode=Null  --allowed-rules calculate_ld_score --nocolor --notemp --no-hooks --nolock --scheduler-solver-path /sc/arion/projects/ad-omics/conda/envs/snakemake/bin \
--mode 2  --use-conda  --conda-frontend mamba  --conda-base-path /hpc/packages/minerva-common/anaconda3/5.0.1  --default-resources "tmpdir=system_tmpdir" 


------------------------------------------------------------

Successfully completed.

Resource usage summary:

    CPU time :                                   100.06 sec.
    Max Memory :                                 409 MB
    Average Memory :                             307.14 MB
    Total Requested Memory :                     40000.00 MB
    Delta Memory :                               39591.00 MB
    Max Swap :                                   -
    Max Processes :                              8
    Max Threads :                                13
    Run time :                                   115 sec.
    Turnaround time :                            116 sec.

The output (if any) follows:

psp_enrichment_results//annotation_files/Astrocyte_enhancers.a.15
psp_enrichment_results//annotation_files/Astrocyte_enhancers.a.15
*********************************************************************
* LD Score Regression (LDSC)
* Version 1.0.0
* (C) 2014-2015 Brendan Bulik-Sullivan and Hilary Finucane
* Broad Institute of MIT and Harvard / MIT Department of Mathematics
* GNU General Public License v3
*********************************************************************
Call: 
./ldsc.py \
--ld-wind-cm 1.0 \
--out psp_enrichment_results//annotation_files/Astrocyte_enhancers.a.15 \
--bfile /sc/arion/projects/ad-omics/ashvin/ldsc_annotations/1000G_EUR_Phase3_plink/1000G.EUR.QC.15 \
--annot psp_enrichment_results//annotation_files/Astrocyte_enhancers.a.15.annot.gz \
--l2  

Beginning analysis at Tue May 16 15:11:09 2023
Read list of 287001 SNPs from /sc/arion/projects/ad-omics/ashvin/ldsc_annotations/1000G_EUR_Phase3_plink/1000G.EUR.QC.15.bim
Read 2 annotations for 287001 SNPs from psp_enrichment_results//annotation_files/Astrocyte_enhancers.a.15.annot.gz
Read list of 489 individuals from /sc/arion/projects/ad-omics/ashvin/ldsc_annotations/1000G_EUR_Phase3_plink/1000G.EUR.QC.15.fam
Reading genotypes from /sc/arion/projects/ad-omics/ashvin/ldsc_annotations/1000G_EUR_Phase3_plink/1000G.EUR.QC.15.bed
After filtering, 287001 SNPs remain
Estimating LD Score.
Writing LD Scores for 287001 SNPs to psp_enrichment_results//annotation_files/Astrocyte_enhancers.a.15.l2.ldscore.gz

Summary of LD Scores in psp_enrichment_results//annotation_files/Astrocyte_enhancers.a.15.l2.ldscore.gz
         MAF    baseL2  ANNOTL2
mean  0.1468   96.3594   1.8849
std   0.1499  114.5012   4.3048
min   0.0051   -9.4372  -0.4590
25%   0.0174   24.7231   0.0226
50%   0.0828   59.5720   0.3113
75%   0.2536  124.2402   1.7366
max   0.5000  919.6958  61.6907

MAF/LD Score Correlation Matrix
            MAF  baseL2  ANNOTL2
MAF      1.0000  0.2961   0.1678
baseL2   0.2961  1.0000   0.2661
ANNOTL2  0.1678  0.2661   1.0000

LD Score Matrix Condition Number
35.5623

Annotation Correlation Matrix
       base  ANNOT
base    NaN    NaN
ANNOT   NaN    1.0

Annotation Matrix Column Sums
base     287001
ANNOT      7427

Summary of Annotation Matrix Row Sums
count    287001.0000
mean          1.0259
std           0.1588
min           1.0000
25%           1.0000
50%           1.0000
75%           1.0000
max           2.0000
Analysis finished at Tue May 16 15:12:42 2023
Total time elapsed: 1.0m:33.93s


PS:

Read file <cluster/calculate_ld_score_annotprefix=Astrocyte_enhancers,chr_nums=15.stderr> for stderr output of this job.

