Sender: LSF System <lsfadmin@lc01g25>
Subject: Job 89817776: <ldsc:calculate_ld_score:annotprefix=Neuronal_promoters,chr_nums=22> in cluster <chimera> Done

Job <ldsc:calculate_ld_score:annotprefix=Neuronal_promoters,chr_nums=22> was submitted from host <lc03e30> by user <ravia04> in cluster <chimera> at Tue May 16 15:10:42 2023
Job was executed on host(s) <4*lc01g25>, in queue <premium>, as user <ravia04> in cluster <chimera> at Tue May 16 15:10:44 2023
</hpc/users/ravia04> was used as the home directory.
</sc/arion/projects/ad-omics/ashvin/pipelines/ldsc> was used as the working directory.
Started at Tue May 16 15:10:44 2023
Terminated at Tue May 16 15:11:48 2023
Results reported at Tue May 16 15:11:48 2023

Your job looked like:

------------------------------------------------------------
# LSBATCH: User input
#!/bin/sh
# properties = {"type": "single", "rule": "calculate_ld_score", "local": false, "input": ["psp_enrichment_results//annotation_files/Neuronal_promoters.a.22.annot.gz"], "output": ["psp_enrichment_results//annotation_files/Neuronal_promoters.a.22.l2.ldscore.gz", "psp_enrichment_results//annotation_files/Neuronal_promoters.a.22.l2.M", "psp_enrichment_results//annotation_files/Neuronal_promoters.a.22.l2.M_5_50"], "wildcards": {"annotprefix": "Neuronal_promoters", "chr_nums": "22"}, "params": {"chr_nums": [1, 2, 3, 4, 5, 6, 7, 8, 9, 10, 11, 12, 13, 14, 15, 16, 17, 18, 19, 20, 21, 22], "outfolder": ["psp_enrichment_results/"]}, "log": [], "threads": 1, "resources": {"tmpdir": "/tmp"}, "jobid": 320, "cluster": {"queue": "premium", "cores": 4, "mem": 10000, "time": "300", "name": "$(basename $(pwd)):calculate_ld_score:annotprefix=Neuronal_promoters,chr_nums=22", "output": "logs/calculate_ld_score:annotprefix=Neuronal_promoters,chr_nums=22.stdout", "error": "logs/calculate_ld_score:annotprefix=Neuronal_promoters,chr_nums=22.stderr", "himem": ""}}
 cd /sc/arion/projects/ad-omics/ashvin/pipelines/ldsc && \
/sc/arion/projects/ad-omics/conda/envs/snakemake/bin/python3.1 \
-m snakemake psp_enrichment_results//annotation_files/Neuronal_promoters.a.22.l2.ldscore.gz --snakefile /sc/arion/projects/ad-omics/ashvin/pipelines/ldsc/Snakefile \
--force --cores all --keep-target-files --keep-remote --max-inventory-time 0 \
--wait-for-files '/sc/arion/projects/ad-omics/ashvin/pipelines/ldsc/.snakemake/tmp.nblzxt6t' 'psp_enrichment_results//annotation_files/Neuronal_promoters.a.22.annot.gz' --latency-wait 30 \
 --attempt 1 --force-use-threads --scheduler ilp \
--wrapper-prefix https://github.com/snakemake/snakemake-wrappers/raw/ \
 --configfiles /sc/arion/projects/ad-omics/ashvin/pipelines/ldsc/config.yaml --config mode=Null  --allowed-rules calculate_ld_score --nocolor --notemp --no-hooks --nolock --scheduler-solver-path /sc/arion/projects/ad-omics/conda/envs/snakemake/bin \
--mode 2  --use-conda  --conda-frontend mamba  --conda-base-path /hpc/packages/minerva-common/anaconda3/5.0.1  --default-resources "tmpdir=system_tmpdir" 


------------------------------------------------------------

Successfully completed.

Resource usage summary:

    CPU time :                                   41.65 sec.
    Max Memory :                                 312 MB
    Average Memory :                             179.35 MB
    Total Requested Memory :                     40000.00 MB
    Delta Memory :                               39688.00 MB
    Max Swap :                                   -
    Max Processes :                              7
    Max Threads :                                12
    Run time :                                   63 sec.
    Turnaround time :                            66 sec.

The output (if any) follows:

psp_enrichment_results//annotation_files/Neuronal_promoters.a.22
psp_enrichment_results//annotation_files/Neuronal_promoters.a.22
*********************************************************************
* LD Score Regression (LDSC)
* Version 1.0.0
* (C) 2014-2015 Brendan Bulik-Sullivan and Hilary Finucane
* Broad Institute of MIT and Harvard / MIT Department of Mathematics
* GNU General Public License v3
*********************************************************************
Call: 
./ldsc.py \
--ld-wind-cm 1.0 \
--out psp_enrichment_results//annotation_files/Neuronal_promoters.a.22 \
--bfile /sc/arion/projects/ad-omics/ashvin/ldsc_annotations/1000G_EUR_Phase3_plink/1000G.EUR.QC.22 \
--annot psp_enrichment_results//annotation_files/Neuronal_promoters.a.22.annot.gz \
--l2  

Beginning analysis at Tue May 16 15:11:08 2023
Read list of 141123 SNPs from /sc/arion/projects/ad-omics/ashvin/ldsc_annotations/1000G_EUR_Phase3_plink/1000G.EUR.QC.22.bim
Read 2 annotations for 141123 SNPs from psp_enrichment_results//annotation_files/Neuronal_promoters.a.22.annot.gz
Read list of 489 individuals from /sc/arion/projects/ad-omics/ashvin/ldsc_annotations/1000G_EUR_Phase3_plink/1000G.EUR.QC.22.fam
Reading genotypes from /sc/arion/projects/ad-omics/ashvin/ldsc_annotations/1000G_EUR_Phase3_plink/1000G.EUR.QC.22.bed
After filtering, 141123 SNPs remain
Estimating LD Score.
Writing LD Scores for 141123 SNPs to psp_enrichment_results//annotation_files/Neuronal_promoters.a.22.l2.ldscore.gz

Summary of LD Scores in psp_enrichment_results//annotation_files/Neuronal_promoters.a.22.l2.ldscore.gz
         MAF    baseL2  ANNOTL2
mean  0.1472   76.1135   1.7201
std   0.1498   82.0816   3.3276
min   0.0051   -7.2760  -0.3109
25%   0.0184   21.4298   0.0158
50%   0.0838   49.8118   0.2691
75%   0.2556  100.3282   2.0139
max   0.5000  601.7855  30.3097

MAF/LD Score Correlation Matrix
            MAF  baseL2  ANNOTL2
MAF      1.0000  0.3063   0.1733
baseL2   0.3063  1.0000   0.7050
ANNOTL2  0.1733  0.7050   1.0000

LD Score Matrix Condition Number
46.9981

Annotation Correlation Matrix
       base  ANNOT
base    NaN    NaN
ANNOT   NaN    1.0

Annotation Matrix Column Sums
base     141123
ANNOT      2763

Summary of Annotation Matrix Row Sums
count    141123.0000
mean          1.0196
std           0.1385
min           1.0000
25%           1.0000
50%           1.0000
75%           1.0000
max           2.0000
Analysis finished at Tue May 16 15:11:47 2023
Total time elapsed: 38.18s


PS:

Read file <cluster/calculate_ld_score_annotprefix=Neuronal_promoters,chr_nums=22.stderr> for stderr output of this job.

