Sender: LSF System <lsfadmin@lc01g30>
Subject: Job 89817802: <ldsc:calculate_ld_score:annotprefix=Microglia_enhancers,chr_nums=17> in cluster <chimera> Done

Job <ldsc:calculate_ld_score:annotprefix=Microglia_enhancers,chr_nums=17> was submitted from host <lc03e30> by user <ravia04> in cluster <chimera> at Tue May 16 15:10:45 2023
Job was executed on host(s) <4*lc01g30>, in queue <premium>, as user <ravia04> in cluster <chimera> at Tue May 16 15:10:49 2023
</hpc/users/ravia04> was used as the home directory.
</sc/arion/projects/ad-omics/ashvin/pipelines/ldsc> was used as the working directory.
Started at Tue May 16 15:10:49 2023
Terminated at Tue May 16 15:12:26 2023
Results reported at Tue May 16 15:12:26 2023

Your job looked like:

------------------------------------------------------------
# LSBATCH: User input
#!/bin/sh
# properties = {"type": "single", "rule": "calculate_ld_score", "local": false, "input": ["psp_enrichment_results//annotation_files/Microglia_enhancers.a.17.annot.gz"], "output": ["psp_enrichment_results//annotation_files/Microglia_enhancers.a.17.l2.ldscore.gz", "psp_enrichment_results//annotation_files/Microglia_enhancers.a.17.l2.M", "psp_enrichment_results//annotation_files/Microglia_enhancers.a.17.l2.M_5_50"], "wildcards": {"annotprefix": "Microglia_enhancers", "chr_nums": "17"}, "params": {"chr_nums": [1, 2, 3, 4, 5, 6, 7, 8, 9, 10, 11, 12, 13, 14, 15, 16, 17, 18, 19, 20, 21, 22], "outfolder": ["psp_enrichment_results/"]}, "log": [], "threads": 1, "resources": {"tmpdir": "/tmp"}, "jobid": 359, "cluster": {"queue": "premium", "cores": 4, "mem": 10000, "time": "300", "name": "$(basename $(pwd)):calculate_ld_score:annotprefix=Microglia_enhancers,chr_nums=17", "output": "logs/calculate_ld_score:annotprefix=Microglia_enhancers,chr_nums=17.stdout", "error": "logs/calculate_ld_score:annotprefix=Microglia_enhancers,chr_nums=17.stderr", "himem": ""}}
 cd /sc/arion/projects/ad-omics/ashvin/pipelines/ldsc && \
/sc/arion/projects/ad-omics/conda/envs/snakemake/bin/python3.1 \
-m snakemake psp_enrichment_results//annotation_files/Microglia_enhancers.a.17.l2.ldscore.gz --snakefile /sc/arion/projects/ad-omics/ashvin/pipelines/ldsc/Snakefile \
--force --cores all --keep-target-files --keep-remote --max-inventory-time 0 \
--wait-for-files '/sc/arion/projects/ad-omics/ashvin/pipelines/ldsc/.snakemake/tmp.nblzxt6t' 'psp_enrichment_results//annotation_files/Microglia_enhancers.a.17.annot.gz' --latency-wait 30 \
 --attempt 1 --force-use-threads --scheduler ilp \
--wrapper-prefix https://github.com/snakemake/snakemake-wrappers/raw/ \
 --configfiles /sc/arion/projects/ad-omics/ashvin/pipelines/ldsc/config.yaml --config mode=Null  --allowed-rules calculate_ld_score --nocolor --notemp --no-hooks --nolock --scheduler-solver-path /sc/arion/projects/ad-omics/conda/envs/snakemake/bin \
--mode 2  --use-conda  --conda-frontend mamba  --conda-base-path /hpc/packages/minerva-common/anaconda3/5.0.1  --default-resources "tmpdir=system_tmpdir" 


------------------------------------------------------------

Successfully completed.

Resource usage summary:

    CPU time :                                   80.46 sec.
    Max Memory :                                 377 MB
    Average Memory :                             293.46 MB
    Total Requested Memory :                     40000.00 MB
    Delta Memory :                               39623.00 MB
    Max Swap :                                   -
    Max Processes :                              8
    Max Threads :                                13
    Run time :                                   97 sec.
    Turnaround time :                            101 sec.

The output (if any) follows:

psp_enrichment_results//annotation_files/Microglia_enhancers.a.17
psp_enrichment_results//annotation_files/Microglia_enhancers.a.17
*********************************************************************
* LD Score Regression (LDSC)
* Version 1.0.0
* (C) 2014-2015 Brendan Bulik-Sullivan and Hilary Finucane
* Broad Institute of MIT and Harvard / MIT Department of Mathematics
* GNU General Public License v3
*********************************************************************
Call: 
./ldsc.py \
--ld-wind-cm 1.0 \
--out psp_enrichment_results//annotation_files/Microglia_enhancers.a.17 \
--bfile /sc/arion/projects/ad-omics/ashvin/ldsc_annotations/1000G_EUR_Phase3_plink/1000G.EUR.QC.17 \
--annot psp_enrichment_results//annotation_files/Microglia_enhancers.a.17.annot.gz \
--l2  

Beginning analysis at Tue May 16 15:11:09 2023
Read list of 269222 SNPs from /sc/arion/projects/ad-omics/ashvin/ldsc_annotations/1000G_EUR_Phase3_plink/1000G.EUR.QC.17.bim
Read 2 annotations for 269222 SNPs from psp_enrichment_results//annotation_files/Microglia_enhancers.a.17.annot.gz
Read list of 489 individuals from /sc/arion/projects/ad-omics/ashvin/ldsc_annotations/1000G_EUR_Phase3_plink/1000G.EUR.QC.17.fam
Reading genotypes from /sc/arion/projects/ad-omics/ashvin/ldsc_annotations/1000G_EUR_Phase3_plink/1000G.EUR.QC.17.bed
After filtering, 269222 SNPs remain
Estimating LD Score.
Writing LD Scores for 269222 SNPs to psp_enrichment_results//annotation_files/Microglia_enhancers.a.17.l2.ldscore.gz

Summary of LD Scores in psp_enrichment_results//annotation_files/Microglia_enhancers.a.17.l2.ldscore.gz
         MAF     baseL2  ANNOTL2
mean  0.1501   114.2260   3.5678
std   0.1507   313.0485   8.8963
min   0.0051    -7.5407  -0.5166
25%   0.0174    20.8553   0.0404
50%   0.0890    49.4248   0.6470
75%   0.2556   105.8265   3.2031
max   0.5000  2998.5200  69.2700

MAF/LD Score Correlation Matrix
            MAF  baseL2  ANNOTL2
MAF      1.0000  0.1815   0.1664
baseL2   0.1815  1.0000   0.8274
ANNOTL2  0.1664  0.8274   1.0000

LD Score Matrix Condition Number
65.8325

Annotation Correlation Matrix
       base  ANNOT
base    NaN    NaN
ANNOT   NaN    1.0

Annotation Matrix Column Sums
base     269222
ANNOT     10216

Summary of Annotation Matrix Row Sums
count    269222.0000
mean          1.0379
std           0.1911
min           1.0000
25%           1.0000
50%           1.0000
75%           1.0000
max           2.0000
Analysis finished at Tue May 16 15:12:25 2023
Total time elapsed: 1.0m:16.64s


PS:

Read file <cluster/calculate_ld_score_annotprefix=Microglia_enhancers,chr_nums=17.stderr> for stderr output of this job.

