Sender: LSF System <lsfadmin@lc02a06>
Subject: Job 89817879: <ldsc:calculate_ld_score:annotprefix=Oligo_enhancers,chr_nums=16> in cluster <chimera> Done

Job <ldsc:calculate_ld_score:annotprefix=Oligo_enhancers,chr_nums=16> was submitted from host <lc03e30> by user <ravia04> in cluster <chimera> at Tue May 16 15:11:13 2023
Job was executed on host(s) <4*lc02a06>, in queue <premium>, as user <ravia04> in cluster <chimera> at Tue May 16 15:11:14 2023
</hpc/users/ravia04> was used as the home directory.
</sc/arion/projects/ad-omics/ashvin/pipelines/ldsc> was used as the working directory.
Started at Tue May 16 15:11:14 2023
Terminated at Tue May 16 15:13:05 2023
Results reported at Tue May 16 15:13:05 2023

Your job looked like:

------------------------------------------------------------
# LSBATCH: User input
#!/bin/sh
# properties = {"type": "single", "rule": "calculate_ld_score", "local": false, "input": ["psp_enrichment_results//annotation_files/Oligo_enhancers.a.16.annot.gz"], "output": ["psp_enrichment_results//annotation_files/Oligo_enhancers.a.16.l2.ldscore.gz", "psp_enrichment_results//annotation_files/Oligo_enhancers.a.16.l2.M", "psp_enrichment_results//annotation_files/Oligo_enhancers.a.16.l2.M_5_50"], "wildcards": {"annotprefix": "Oligo_enhancers", "chr_nums": "16"}, "params": {"chr_nums": [1, 2, 3, 4, 5, 6, 7, 8, 9, 10, 11, 12, 13, 14, 15, 16, 17, 18, 19, 20, 21, 22], "outfolder": ["psp_enrichment_results/"]}, "log": [], "threads": 1, "resources": {"tmpdir": "/tmp"}, "jobid": 292, "cluster": {"queue": "premium", "cores": 4, "mem": 10000, "time": "300", "name": "$(basename $(pwd)):calculate_ld_score:annotprefix=Oligo_enhancers,chr_nums=16", "output": "logs/calculate_ld_score:annotprefix=Oligo_enhancers,chr_nums=16.stdout", "error": "logs/calculate_ld_score:annotprefix=Oligo_enhancers,chr_nums=16.stderr", "himem": ""}}
 cd /sc/arion/projects/ad-omics/ashvin/pipelines/ldsc && \
/sc/arion/projects/ad-omics/conda/envs/snakemake/bin/python3.1 \
-m snakemake psp_enrichment_results//annotation_files/Oligo_enhancers.a.16.l2.ldscore.gz --snakefile /sc/arion/projects/ad-omics/ashvin/pipelines/ldsc/Snakefile \
--force --cores all --keep-target-files --keep-remote --max-inventory-time 0 \
--wait-for-files '/sc/arion/projects/ad-omics/ashvin/pipelines/ldsc/.snakemake/tmp.nblzxt6t' 'psp_enrichment_results//annotation_files/Oligo_enhancers.a.16.annot.gz' --latency-wait 30 \
 --attempt 1 --force-use-threads --scheduler ilp \
--wrapper-prefix https://github.com/snakemake/snakemake-wrappers/raw/ \
 --configfiles /sc/arion/projects/ad-omics/ashvin/pipelines/ldsc/config.yaml --config mode=Null  --allowed-rules calculate_ld_score --nocolor --notemp --no-hooks --nolock --scheduler-solver-path /sc/arion/projects/ad-omics/conda/envs/snakemake/bin \
--mode 2  --use-conda  --conda-frontend mamba  --conda-base-path /hpc/packages/minerva-common/anaconda3/5.0.1  --default-resources "tmpdir=system_tmpdir" 


------------------------------------------------------------

Successfully completed.

Resource usage summary:

    CPU time :                                   105.20 sec.
    Max Memory :                                 426 MB
    Average Memory :                             324.77 MB
    Total Requested Memory :                     40000.00 MB
    Delta Memory :                               39574.00 MB
    Max Swap :                                   -
    Max Processes :                              9
    Max Threads :                                14
    Run time :                                   111 sec.
    Turnaround time :                            112 sec.

The output (if any) follows:

psp_enrichment_results//annotation_files/Oligo_enhancers.a.16
psp_enrichment_results//annotation_files/Oligo_enhancers.a.16
*********************************************************************
* LD Score Regression (LDSC)
* Version 1.0.0
* (C) 2014-2015 Brendan Bulik-Sullivan and Hilary Finucane
* Broad Institute of MIT and Harvard / MIT Department of Mathematics
* GNU General Public License v3
*********************************************************************
Call: 
./ldsc.py \
--ld-wind-cm 1.0 \
--out psp_enrichment_results//annotation_files/Oligo_enhancers.a.16 \
--bfile /sc/arion/projects/ad-omics/ashvin/ldsc_annotations/1000G_EUR_Phase3_plink/1000G.EUR.QC.16 \
--annot psp_enrichment_results//annotation_files/Oligo_enhancers.a.16.annot.gz \
--l2  

Beginning analysis at Tue May 16 15:11:24 2023
Read list of 316981 SNPs from /sc/arion/projects/ad-omics/ashvin/ldsc_annotations/1000G_EUR_Phase3_plink/1000G.EUR.QC.16.bim
Read 2 annotations for 316981 SNPs from psp_enrichment_results//annotation_files/Oligo_enhancers.a.16.annot.gz
Read list of 489 individuals from /sc/arion/projects/ad-omics/ashvin/ldsc_annotations/1000G_EUR_Phase3_plink/1000G.EUR.QC.16.fam
Reading genotypes from /sc/arion/projects/ad-omics/ashvin/ldsc_annotations/1000G_EUR_Phase3_plink/1000G.EUR.QC.16.bed
After filtering, 316981 SNPs remain
Estimating LD Score.
Writing LD Scores for 316981 SNPs to psp_enrichment_results//annotation_files/Oligo_enhancers.a.16.l2.ldscore.gz

Summary of LD Scores in psp_enrichment_results//annotation_files/Oligo_enhancers.a.16.l2.ldscore.gz
         MAF     baseL2  ANNOTL2
mean  0.1434    89.4546   2.7443
std   0.1482   156.1319   6.5802
min   0.0051   -10.2469  -0.9007
25%   0.0164    24.4413   0.0699
50%   0.0787    54.8757   0.4828
75%   0.2505   106.4834   2.1542
max   0.5000  1858.7749  78.8646

MAF/LD Score Correlation Matrix
            MAF  baseL2  ANNOTL2
MAF      1.0000  0.1121   0.1391
baseL2   0.1121  1.0000   0.2054
ANNOTL2  0.1391  0.2054   1.0000

LD Score Matrix Condition Number
27.0121

Annotation Correlation Matrix
       base  ANNOT
base    NaN    NaN
ANNOT   NaN    1.0

Annotation Matrix Column Sums
base     316981
ANNOT     10847

Summary of Annotation Matrix Row Sums
count    316981.0000
mean          1.0342
std           0.1818
min           1.0000
25%           1.0000
50%           1.0000
75%           1.0000
max           2.0000
Analysis finished at Tue May 16 15:13:04 2023
Total time elapsed: 1.0m:39.21s


PS:

Read file <cluster/calculate_ld_score_annotprefix=Oligo_enhancers,chr_nums=16.stderr> for stderr output of this job.

