Sender: LSF System <lsfadmin@lc03g21>
Subject: Job 89817849: <ldsc:calculate_ld_score:annotprefix=Microglia_enhancers,chr_nums=2> in cluster <chimera> Done

Job <ldsc:calculate_ld_score:annotprefix=Microglia_enhancers,chr_nums=2> was submitted from host <lc03e30> by user <ravia04> in cluster <chimera> at Tue May 16 15:10:50 2023
Job was executed on host(s) <4*lc03g21>, in queue <premium>, as user <ravia04> in cluster <chimera> at Tue May 16 15:10:55 2023
</hpc/users/ravia04> was used as the home directory.
</sc/arion/projects/ad-omics/ashvin/pipelines/ldsc> was used as the working directory.
Started at Tue May 16 15:10:55 2023
Terminated at Tue May 16 15:16:04 2023
Results reported at Tue May 16 15:16:04 2023

Your job looked like:

------------------------------------------------------------
# LSBATCH: User input
#!/bin/sh
# properties = {"type": "single", "rule": "calculate_ld_score", "local": false, "input": ["psp_enrichment_results//annotation_files/Microglia_enhancers.a.2.annot.gz"], "output": ["psp_enrichment_results//annotation_files/Microglia_enhancers.a.2.l2.ldscore.gz", "psp_enrichment_results//annotation_files/Microglia_enhancers.a.2.l2.M", "psp_enrichment_results//annotation_files/Microglia_enhancers.a.2.l2.M_5_50"], "wildcards": {"annotprefix": "Microglia_enhancers", "chr_nums": "2"}, "params": {"chr_nums": [1, 2, 3, 4, 5, 6, 7, 8, 9, 10, 11, 12, 13, 14, 15, 16, 17, 18, 19, 20, 21, 22], "outfolder": ["psp_enrichment_results/"]}, "log": [], "threads": 1, "resources": {"tmpdir": "/tmp"}, "jobid": 344, "cluster": {"queue": "premium", "cores": 4, "mem": 10000, "time": "300", "name": "$(basename $(pwd)):calculate_ld_score:annotprefix=Microglia_enhancers,chr_nums=2", "output": "logs/calculate_ld_score:annotprefix=Microglia_enhancers,chr_nums=2.stdout", "error": "logs/calculate_ld_score:annotprefix=Microglia_enhancers,chr_nums=2.stderr", "himem": ""}}
 cd /sc/arion/projects/ad-omics/ashvin/pipelines/ldsc && \
/sc/arion/projects/ad-omics/conda/envs/snakemake/bin/python3.1 \
-m snakemake psp_enrichment_results//annotation_files/Microglia_enhancers.a.2.l2.ldscore.gz --snakefile /sc/arion/projects/ad-omics/ashvin/pipelines/ldsc/Snakefile \
--force --cores all --keep-target-files --keep-remote --max-inventory-time 0 \
--wait-for-files '/sc/arion/projects/ad-omics/ashvin/pipelines/ldsc/.snakemake/tmp.nblzxt6t' 'psp_enrichment_results//annotation_files/Microglia_enhancers.a.2.annot.gz' --latency-wait 30 \
 --attempt 1 --force-use-threads --scheduler ilp \
--wrapper-prefix https://github.com/snakemake/snakemake-wrappers/raw/ \
 --configfiles /sc/arion/projects/ad-omics/ashvin/pipelines/ldsc/config.yaml --config mode=Null  --allowed-rules calculate_ld_score --nocolor --notemp --no-hooks --nolock --scheduler-solver-path /sc/arion/projects/ad-omics/conda/envs/snakemake/bin \
--mode 2  --use-conda  --conda-frontend mamba  --conda-base-path /hpc/packages/minerva-common/anaconda3/5.0.1  --default-resources "tmpdir=system_tmpdir" 


------------------------------------------------------------

Successfully completed.

Resource usage summary:

    CPU time :                                   300.16 sec.
    Max Memory :                                 778 MB
    Average Memory :                             633.80 MB
    Total Requested Memory :                     40000.00 MB
    Delta Memory :                               39222.00 MB
    Max Swap :                                   -
    Max Processes :                              9
    Max Threads :                                15
    Run time :                                   309 sec.
    Turnaround time :                            314 sec.

The output (if any) follows:

psp_enrichment_results//annotation_files/Microglia_enhancers.a.2
psp_enrichment_results//annotation_files/Microglia_enhancers.a.2
*********************************************************************
* LD Score Regression (LDSC)
* Version 1.0.0
* (C) 2014-2015 Brendan Bulik-Sullivan and Hilary Finucane
* Broad Institute of MIT and Harvard / MIT Department of Mathematics
* GNU General Public License v3
*********************************************************************
Call: 
./ldsc.py \
--ld-wind-cm 1.0 \
--out psp_enrichment_results//annotation_files/Microglia_enhancers.a.2 \
--bfile /sc/arion/projects/ad-omics/ashvin/ldsc_annotations/1000G_EUR_Phase3_plink/1000G.EUR.QC.2 \
--annot psp_enrichment_results//annotation_files/Microglia_enhancers.a.2.annot.gz \
--l2  

Beginning analysis at Tue May 16 15:11:08 2023
Read list of 839590 SNPs from /sc/arion/projects/ad-omics/ashvin/ldsc_annotations/1000G_EUR_Phase3_plink/1000G.EUR.QC.2.bim
Read 2 annotations for 839590 SNPs from psp_enrichment_results//annotation_files/Microglia_enhancers.a.2.annot.gz
Read list of 489 individuals from /sc/arion/projects/ad-omics/ashvin/ldsc_annotations/1000G_EUR_Phase3_plink/1000G.EUR.QC.2.fam
Reading genotypes from /sc/arion/projects/ad-omics/ashvin/ldsc_annotations/1000G_EUR_Phase3_plink/1000G.EUR.QC.2.bed
After filtering, 839590 SNPs remain
Estimating LD Score.
Writing LD Scores for 839590 SNPs to psp_enrichment_results//annotation_files/Microglia_enhancers.a.2.l2.ldscore.gz

Summary of LD Scores in psp_enrichment_results//annotation_files/Microglia_enhancers.a.2.l2.ldscore.gz
         MAF    baseL2   ANNOTL2
mean  0.1454  108.6489    1.5569
std   0.1480  102.6697    4.3573
min   0.0051   -8.3533   -0.5848
25%   0.0184   33.5015    0.0023
50%   0.0838   78.9482    0.1485
75%   0.2495  150.0215    1.1104
max   0.5000  668.1054  103.7391

MAF/LD Score Correlation Matrix
            MAF  baseL2  ANNOTL2
MAF      1.0000  0.3879   0.1427
baseL2   0.3879  1.0000   0.1910
ANNOTL2  0.1427  0.1910   1.0000

LD Score Matrix Condition Number
34.7504

Annotation Correlation Matrix
       base  ANNOT
base    NaN    NaN
ANNOT   NaN    1.0

Annotation Matrix Column Sums
base     839590
ANNOT     15368

Summary of Annotation Matrix Row Sums
count    839590.0000
mean          1.0183
std           0.1340
min           1.0000
25%           1.0000
50%           1.0000
75%           1.0000
max           2.0000
Analysis finished at Tue May 16 15:16:01 2023
Total time elapsed: 4.0m:52.63s


PS:

Read file <cluster/calculate_ld_score_annotprefix=Microglia_enhancers,chr_nums=2.stderr> for stderr output of this job.

