Sender: LSF System <lsfadmin@lc03g24>
Subject: Job 89817820: <ldsc:calculate_ld_score:annotprefix=Neuronal_enhancers,chr_nums=15> in cluster <chimera> Done

Job <ldsc:calculate_ld_score:annotprefix=Neuronal_enhancers,chr_nums=15> was submitted from host <lc03e30> by user <ravia04> in cluster <chimera> at Tue May 16 15:10:47 2023
Job was executed on host(s) <4*lc03g24>, in queue <premium>, as user <ravia04> in cluster <chimera> at Tue May 16 15:10:49 2023
</hpc/users/ravia04> was used as the home directory.
</sc/arion/projects/ad-omics/ashvin/pipelines/ldsc> was used as the working directory.
Started at Tue May 16 15:10:49 2023
Terminated at Tue May 16 15:12:40 2023
Results reported at Tue May 16 15:12:40 2023

Your job looked like:

------------------------------------------------------------
# LSBATCH: User input
#!/bin/sh
# properties = {"type": "single", "rule": "calculate_ld_score", "local": false, "input": ["psp_enrichment_results//annotation_files/Neuronal_enhancers.a.15.annot.gz"], "output": ["psp_enrichment_results//annotation_files/Neuronal_enhancers.a.15.l2.ldscore.gz", "psp_enrichment_results//annotation_files/Neuronal_enhancers.a.15.l2.M", "psp_enrichment_results//annotation_files/Neuronal_enhancers.a.15.l2.M_5_50"], "wildcards": {"annotprefix": "Neuronal_enhancers", "chr_nums": "15"}, "params": {"chr_nums": [1, 2, 3, 4, 5, 6, 7, 8, 9, 10, 11, 12, 13, 14, 15, 16, 17, 18, 19, 20, 21, 22], "outfolder": ["psp_enrichment_results/"]}, "log": [], "threads": 1, "resources": {"tmpdir": "/tmp"}, "jobid": 335, "cluster": {"queue": "premium", "cores": 4, "mem": 10000, "time": "300", "name": "$(basename $(pwd)):calculate_ld_score:annotprefix=Neuronal_enhancers,chr_nums=15", "output": "logs/calculate_ld_score:annotprefix=Neuronal_enhancers,chr_nums=15.stdout", "error": "logs/calculate_ld_score:annotprefix=Neuronal_enhancers,chr_nums=15.stderr", "himem": ""}}
 cd /sc/arion/projects/ad-omics/ashvin/pipelines/ldsc && \
/sc/arion/projects/ad-omics/conda/envs/snakemake/bin/python3.1 \
-m snakemake psp_enrichment_results//annotation_files/Neuronal_enhancers.a.15.l2.ldscore.gz --snakefile /sc/arion/projects/ad-omics/ashvin/pipelines/ldsc/Snakefile \
--force --cores all --keep-target-files --keep-remote --max-inventory-time 0 \
--wait-for-files '/sc/arion/projects/ad-omics/ashvin/pipelines/ldsc/.snakemake/tmp.nblzxt6t' 'psp_enrichment_results//annotation_files/Neuronal_enhancers.a.15.annot.gz' --latency-wait 30 \
 --attempt 1 --force-use-threads --scheduler ilp \
--wrapper-prefix https://github.com/snakemake/snakemake-wrappers/raw/ \
 --configfiles /sc/arion/projects/ad-omics/ashvin/pipelines/ldsc/config.yaml --config mode=Null  --allowed-rules calculate_ld_score --nocolor --notemp --no-hooks --nolock --scheduler-solver-path /sc/arion/projects/ad-omics/conda/envs/snakemake/bin \
--mode 2  --use-conda  --conda-frontend mamba  --conda-base-path /hpc/packages/minerva-common/anaconda3/5.0.1  --default-resources "tmpdir=system_tmpdir" 


------------------------------------------------------------

Successfully completed.

Resource usage summary:

    CPU time :                                   95.78 sec.
    Max Memory :                                 416 MB
    Average Memory :                             296.82 MB
    Total Requested Memory :                     40000.00 MB
    Delta Memory :                               39584.00 MB
    Max Swap :                                   -
    Max Processes :                              7
    Max Threads :                                12
    Run time :                                   110 sec.
    Turnaround time :                            113 sec.

The output (if any) follows:

psp_enrichment_results//annotation_files/Neuronal_enhancers.a.15
psp_enrichment_results//annotation_files/Neuronal_enhancers.a.15
*********************************************************************
* LD Score Regression (LDSC)
* Version 1.0.0
* (C) 2014-2015 Brendan Bulik-Sullivan and Hilary Finucane
* Broad Institute of MIT and Harvard / MIT Department of Mathematics
* GNU General Public License v3
*********************************************************************
Call: 
./ldsc.py \
--ld-wind-cm 1.0 \
--out psp_enrichment_results//annotation_files/Neuronal_enhancers.a.15 \
--bfile /sc/arion/projects/ad-omics/ashvin/ldsc_annotations/1000G_EUR_Phase3_plink/1000G.EUR.QC.15 \
--annot psp_enrichment_results//annotation_files/Neuronal_enhancers.a.15.annot.gz \
--l2  

Beginning analysis at Tue May 16 15:11:08 2023
Read list of 287001 SNPs from /sc/arion/projects/ad-omics/ashvin/ldsc_annotations/1000G_EUR_Phase3_plink/1000G.EUR.QC.15.bim
Read 2 annotations for 287001 SNPs from psp_enrichment_results//annotation_files/Neuronal_enhancers.a.15.annot.gz
Read list of 489 individuals from /sc/arion/projects/ad-omics/ashvin/ldsc_annotations/1000G_EUR_Phase3_plink/1000G.EUR.QC.15.fam
Reading genotypes from /sc/arion/projects/ad-omics/ashvin/ldsc_annotations/1000G_EUR_Phase3_plink/1000G.EUR.QC.15.bed
After filtering, 287001 SNPs remain
Estimating LD Score.
Writing LD Scores for 287001 SNPs to psp_enrichment_results//annotation_files/Neuronal_enhancers.a.15.l2.ldscore.gz

Summary of LD Scores in psp_enrichment_results//annotation_files/Neuronal_enhancers.a.15.l2.ldscore.gz
         MAF    baseL2  ANNOTL2
mean  0.1468   96.3594   3.7620
std   0.1499  114.5012   7.2967
min   0.0051   -9.4372  -1.2434
25%   0.0174   24.7231   0.2023
50%   0.0828   59.5720   1.1796
75%   0.2536  124.2402   4.2353
max   0.5000  919.6958  87.9643

MAF/LD Score Correlation Matrix
            MAF  baseL2  ANNOTL2
MAF      1.0000  0.2961   0.1498
baseL2   0.2961  1.0000   0.3262
ANNOTL2  0.1498  0.3262   1.0000

LD Score Matrix Condition Number
21.3124

Annotation Correlation Matrix
       base  ANNOT
base    NaN    NaN
ANNOT   NaN    1.0

Annotation Matrix Column Sums
base     287001
ANNOT     14356

Summary of Annotation Matrix Row Sums
count    287001.000
mean          1.050
std           0.218
min           1.000
25%           1.000
50%           1.000
75%           1.000
max           2.000
Analysis finished at Tue May 16 15:12:38 2023
Total time elapsed: 1.0m:29.66s


PS:

Read file <cluster/calculate_ld_score_annotprefix=Neuronal_enhancers,chr_nums=15.stderr> for stderr output of this job.

