Sender: LSF System <lsfadmin@lc03e11>
Subject: Job 89817757: <ldsc:calculate_ld_score:annotprefix=Microglia_promoters,chr_nums=11> in cluster <chimera> Done

Job <ldsc:calculate_ld_score:annotprefix=Microglia_promoters,chr_nums=11> was submitted from host <lc03e30> by user <ravia04> in cluster <chimera> at Tue May 16 15:10:40 2023
Job was executed on host(s) <4*lc03e11>, in queue <premium>, as user <ravia04> in cluster <chimera> at Tue May 16 15:10:44 2023
</hpc/users/ravia04> was used as the home directory.
</sc/arion/projects/ad-omics/ashvin/pipelines/ldsc> was used as the working directory.
Started at Tue May 16 15:10:44 2023
Terminated at Tue May 16 15:14:51 2023
Results reported at Tue May 16 15:14:51 2023

Your job looked like:

------------------------------------------------------------
# LSBATCH: User input
#!/bin/sh
# properties = {"type": "single", "rule": "calculate_ld_score", "local": false, "input": ["psp_enrichment_results//annotation_files/Microglia_promoters.a.11.annot.gz"], "output": ["psp_enrichment_results//annotation_files/Microglia_promoters.a.11.l2.ldscore.gz", "psp_enrichment_results//annotation_files/Microglia_promoters.a.11.l2.M", "psp_enrichment_results//annotation_files/Microglia_promoters.a.11.l2.M_5_50"], "wildcards": {"annotprefix": "Microglia_promoters", "chr_nums": "11"}, "params": {"chr_nums": [1, 2, 3, 4, 5, 6, 7, 8, 9, 10, 11, 12, 13, 14, 15, 16, 17, 18, 19, 20, 21, 22], "outfolder": ["psp_enrichment_results/"]}, "log": [], "threads": 1, "resources": {"tmpdir": "/tmp"}, "jobid": 199, "cluster": {"queue": "premium", "cores": 4, "mem": 10000, "time": "300", "name": "$(basename $(pwd)):calculate_ld_score:annotprefix=Microglia_promoters,chr_nums=11", "output": "logs/calculate_ld_score:annotprefix=Microglia_promoters,chr_nums=11.stdout", "error": "logs/calculate_ld_score:annotprefix=Microglia_promoters,chr_nums=11.stderr", "himem": ""}}
 cd /sc/arion/projects/ad-omics/ashvin/pipelines/ldsc && \
/sc/arion/projects/ad-omics/conda/envs/snakemake/bin/python3.1 \
-m snakemake psp_enrichment_results//annotation_files/Microglia_promoters.a.11.l2.ldscore.gz --snakefile /sc/arion/projects/ad-omics/ashvin/pipelines/ldsc/Snakefile \
--force --cores all --keep-target-files --keep-remote --max-inventory-time 0 \
--wait-for-files '/sc/arion/projects/ad-omics/ashvin/pipelines/ldsc/.snakemake/tmp.nblzxt6t' 'psp_enrichment_results//annotation_files/Microglia_promoters.a.11.annot.gz' --latency-wait 30 \
 --attempt 1 --force-use-threads --scheduler ilp \
--wrapper-prefix https://github.com/snakemake/snakemake-wrappers/raw/ \
 --configfiles /sc/arion/projects/ad-omics/ashvin/pipelines/ldsc/config.yaml --config mode=Null  --allowed-rules calculate_ld_score --nocolor --notemp --no-hooks --nolock --scheduler-solver-path /sc/arion/projects/ad-omics/conda/envs/snakemake/bin \
--mode 2  --use-conda  --conda-frontend mamba  --conda-base-path /hpc/packages/minerva-common/anaconda3/5.0.1  --default-resources "tmpdir=system_tmpdir" 


------------------------------------------------------------

Successfully completed.

Resource usage summary:

    CPU time :                                   224.32 sec.
    Max Memory :                                 688 MB
    Average Memory :                             451.97 MB
    Total Requested Memory :                     40000.00 MB
    Delta Memory :                               39312.00 MB
    Max Swap :                                   -
    Max Processes :                              9
    Max Threads :                                15
    Run time :                                   246 sec.
    Turnaround time :                            251 sec.

The output (if any) follows:

psp_enrichment_results//annotation_files/Microglia_promoters.a.11
psp_enrichment_results//annotation_files/Microglia_promoters.a.11
*********************************************************************
* LD Score Regression (LDSC)
* Version 1.0.0
* (C) 2014-2015 Brendan Bulik-Sullivan and Hilary Finucane
* Broad Institute of MIT and Harvard / MIT Department of Mathematics
* GNU General Public License v3
*********************************************************************
Call: 
./ldsc.py \
--ld-wind-cm 1.0 \
--out psp_enrichment_results//annotation_files/Microglia_promoters.a.11 \
--bfile /sc/arion/projects/ad-omics/ashvin/ldsc_annotations/1000G_EUR_Phase3_plink/1000G.EUR.QC.11 \
--annot psp_enrichment_results//annotation_files/Microglia_promoters.a.11.annot.gz \
--l2  

Beginning analysis at Tue May 16 15:11:08 2023
Read list of 493922 SNPs from /sc/arion/projects/ad-omics/ashvin/ldsc_annotations/1000G_EUR_Phase3_plink/1000G.EUR.QC.11.bim
Read 2 annotations for 493922 SNPs from psp_enrichment_results//annotation_files/Microglia_promoters.a.11.annot.gz
Read list of 489 individuals from /sc/arion/projects/ad-omics/ashvin/ldsc_annotations/1000G_EUR_Phase3_plink/1000G.EUR.QC.11.fam
Reading genotypes from /sc/arion/projects/ad-omics/ashvin/ldsc_annotations/1000G_EUR_Phase3_plink/1000G.EUR.QC.11.bed
After filtering, 493922 SNPs remain
Estimating LD Score.
Writing LD Scores for 493922 SNPs to psp_enrichment_results//annotation_files/Microglia_promoters.a.11.l2.ldscore.gz

Summary of LD Scores in psp_enrichment_results//annotation_files/Microglia_promoters.a.11.l2.ldscore.gz
         MAF     baseL2  ANNOTL2
mean  0.1509   224.2800   1.0913
std   0.1499   618.9653   2.4066
min   0.0051   -29.7960  -0.4091
25%   0.0194    33.1485   0.0000
50%   0.0920    81.2962   0.1227
75%   0.2628   167.1315   1.0368
max   0.5000  5090.0871  32.6777

MAF/LD Score Correlation Matrix
            MAF  baseL2  ANNOTL2
MAF      1.0000  0.0762   0.1412
baseL2   0.0762  1.0000   0.2189
ANNOTL2  0.1412  0.2189   1.0000

LD Score Matrix Condition Number
263.74

Annotation Correlation Matrix
       base  ANNOT
base    NaN    NaN
ANNOT   NaN    1.0

Annotation Matrix Column Sums
base     493922
ANNOT      5042

Summary of Annotation Matrix Row Sums
count    493922.0000
mean          1.0102
std           0.1005
min           1.0000
25%           1.0000
50%           1.0000
75%           1.0000
max           2.0000
Analysis finished at Tue May 16 15:14:49 2023
Total time elapsed: 3.0m:40.28s


PS:

Read file <cluster/calculate_ld_score_annotprefix=Microglia_promoters,chr_nums=11.stderr> for stderr output of this job.

