Sender: LSF System <lsfadmin@lc03e29>
Subject: Job 89817783: <ldsc:calculate_ld_score:annotprefix=Astrocyte_enhancers,chr_nums=1> in cluster <chimera> Done

Job <ldsc:calculate_ld_score:annotprefix=Astrocyte_enhancers,chr_nums=1> was submitted from host <lc03e30> by user <ravia04> in cluster <chimera> at Tue May 16 15:10:43 2023
Job was executed on host(s) <4*lc03e29>, in queue <premium>, as user <ravia04> in cluster <chimera> at Tue May 16 15:10:44 2023
</hpc/users/ravia04> was used as the home directory.
</sc/arion/projects/ad-omics/ashvin/pipelines/ldsc> was used as the working directory.
Started at Tue May 16 15:10:44 2023
Terminated at Tue May 16 15:15:24 2023
Results reported at Tue May 16 15:15:24 2023

Your job looked like:

------------------------------------------------------------
# LSBATCH: User input
#!/bin/sh
# properties = {"type": "single", "rule": "calculate_ld_score", "local": false, "input": ["psp_enrichment_results//annotation_files/Astrocyte_enhancers.a.1.annot.gz"], "output": ["psp_enrichment_results//annotation_files/Astrocyte_enhancers.a.1.l2.ldscore.gz", "psp_enrichment_results//annotation_files/Astrocyte_enhancers.a.1.l2.M", "psp_enrichment_results//annotation_files/Astrocyte_enhancers.a.1.l2.M_5_50"], "wildcards": {"annotprefix": "Astrocyte_enhancers", "chr_nums": "1"}, "params": {"chr_nums": [1, 2, 3, 4, 5, 6, 7, 8, 9, 10, 11, 12, 13, 14, 15, 16, 17, 18, 19, 20, 21, 22], "outfolder": ["psp_enrichment_results/"]}, "log": [], "threads": 1, "resources": {"tmpdir": "/tmp"}, "jobid": 233, "cluster": {"queue": "premium", "cores": 4, "mem": 10000, "time": "300", "name": "$(basename $(pwd)):calculate_ld_score:annotprefix=Astrocyte_enhancers,chr_nums=1", "output": "logs/calculate_ld_score:annotprefix=Astrocyte_enhancers,chr_nums=1.stdout", "error": "logs/calculate_ld_score:annotprefix=Astrocyte_enhancers,chr_nums=1.stderr", "himem": ""}}
 cd /sc/arion/projects/ad-omics/ashvin/pipelines/ldsc && \
/sc/arion/projects/ad-omics/conda/envs/snakemake/bin/python3.1 \
-m snakemake psp_enrichment_results//annotation_files/Astrocyte_enhancers.a.1.l2.ldscore.gz --snakefile /sc/arion/projects/ad-omics/ashvin/pipelines/ldsc/Snakefile \
--force --cores all --keep-target-files --keep-remote --max-inventory-time 0 \
--wait-for-files '/sc/arion/projects/ad-omics/ashvin/pipelines/ldsc/.snakemake/tmp.nblzxt6t' 'psp_enrichment_results//annotation_files/Astrocyte_enhancers.a.1.annot.gz' --latency-wait 30 \
 --attempt 1 --force-use-threads --scheduler ilp \
--wrapper-prefix https://github.com/snakemake/snakemake-wrappers/raw/ \
 --configfiles /sc/arion/projects/ad-omics/ashvin/pipelines/ldsc/config.yaml --config mode=Null  --allowed-rules calculate_ld_score --nocolor --notemp --no-hooks --nolock --scheduler-solver-path /sc/arion/projects/ad-omics/conda/envs/snakemake/bin \
--mode 2  --use-conda  --conda-frontend mamba  --conda-base-path /hpc/packages/minerva-common/anaconda3/5.0.1  --default-resources "tmpdir=system_tmpdir" 


------------------------------------------------------------

Successfully completed.

Resource usage summary:

    CPU time :                                   257.21 sec.
    Max Memory :                                 734 MB
    Average Memory :                             571.51 MB
    Total Requested Memory :                     40000.00 MB
    Delta Memory :                               39266.00 MB
    Max Swap :                                   -
    Max Processes :                              8
    Max Threads :                                13
    Run time :                                   280 sec.
    Turnaround time :                            281 sec.

The output (if any) follows:

psp_enrichment_results//annotation_files/Astrocyte_enhancers.a.1
psp_enrichment_results//annotation_files/Astrocyte_enhancers.a.1
*********************************************************************
* LD Score Regression (LDSC)
* Version 1.0.0
* (C) 2014-2015 Brendan Bulik-Sullivan and Hilary Finucane
* Broad Institute of MIT and Harvard / MIT Department of Mathematics
* GNU General Public License v3
*********************************************************************
Call: 
./ldsc.py \
--ld-wind-cm 1.0 \
--out psp_enrichment_results//annotation_files/Astrocyte_enhancers.a.1 \
--bfile /sc/arion/projects/ad-omics/ashvin/ldsc_annotations/1000G_EUR_Phase3_plink/1000G.EUR.QC.1 \
--annot psp_enrichment_results//annotation_files/Astrocyte_enhancers.a.1.annot.gz \
--l2  

Beginning analysis at Tue May 16 15:11:08 2023
Read list of 779354 SNPs from /sc/arion/projects/ad-omics/ashvin/ldsc_annotations/1000G_EUR_Phase3_plink/1000G.EUR.QC.1.bim
Read 2 annotations for 779354 SNPs from psp_enrichment_results//annotation_files/Astrocyte_enhancers.a.1.annot.gz
Read list of 489 individuals from /sc/arion/projects/ad-omics/ashvin/ldsc_annotations/1000G_EUR_Phase3_plink/1000G.EUR.QC.1.fam
Reading genotypes from /sc/arion/projects/ad-omics/ashvin/ldsc_annotations/1000G_EUR_Phase3_plink/1000G.EUR.QC.1.bed
After filtering, 779354 SNPs remain
Estimating LD Score.
Writing LD Scores for 779354 SNPs to psp_enrichment_results//annotation_files/Astrocyte_enhancers.a.1.l2.ldscore.gz

Summary of LD Scores in psp_enrichment_results//annotation_files/Astrocyte_enhancers.a.1.l2.ldscore.gz
         MAF    baseL2  ANNOTL2
mean  0.1453  100.4863   1.8933
std   0.1491  105.3278   4.6838
min   0.0051   -8.2924  -0.7147
25%   0.0174   28.2658   0.0233
50%   0.0818   68.0156   0.3024
75%   0.2515  137.5227   1.6007
max   0.5000  861.0714  73.6743

MAF/LD Score Correlation Matrix
            MAF  baseL2  ANNOTL2
MAF      1.0000  0.3767   0.1264
baseL2   0.3767  1.0000   0.1795
ANNOTL2  0.1264  0.1795   1.0000

LD Score Matrix Condition Number
31.1449

Annotation Correlation Matrix
       base  ANNOT
base    NaN    NaN
ANNOT   NaN    1.0

Annotation Matrix Column Sums
base     779354
ANNOT     21579

Summary of Annotation Matrix Row Sums
count    779354.0000
mean          1.0277
std           0.1641
min           1.0000
25%           1.0000
50%           1.0000
75%           1.0000
max           2.0000
Analysis finished at Tue May 16 15:15:21 2023
Total time elapsed: 4.0m:12.46s


PS:

Read file <cluster/calculate_ld_score_annotprefix=Astrocyte_enhancers,chr_nums=1.stderr> for stderr output of this job.

