Sender: LSF System <lsfadmin@lc01e25>
Subject: Job 89817851: <ldsc:calculate_ld_score:annotprefix=Astrocyte_enhancers,chr_nums=22> in cluster <chimera> Done

Job <ldsc:calculate_ld_score:annotprefix=Astrocyte_enhancers,chr_nums=22> was submitted from host <lc03e30> by user <ravia04> in cluster <chimera> at Tue May 16 15:10:50 2023
Job was executed on host(s) <4*lc01e25>, in queue <premium>, as user <ravia04> in cluster <chimera> at Tue May 16 15:10:55 2023
</hpc/users/ravia04> was used as the home directory.
</sc/arion/projects/ad-omics/ashvin/pipelines/ldsc> was used as the working directory.
Started at Tue May 16 15:10:55 2023
Terminated at Tue May 16 15:11:48 2023
Results reported at Tue May 16 15:11:48 2023

Your job looked like:

------------------------------------------------------------
# LSBATCH: User input
#!/bin/sh
# properties = {"type": "single", "rule": "calculate_ld_score", "local": false, "input": ["psp_enrichment_results//annotation_files/Astrocyte_enhancers.a.22.annot.gz"], "output": ["psp_enrichment_results//annotation_files/Astrocyte_enhancers.a.22.l2.ldscore.gz", "psp_enrichment_results//annotation_files/Astrocyte_enhancers.a.22.l2.M", "psp_enrichment_results//annotation_files/Astrocyte_enhancers.a.22.l2.M_5_50"], "wildcards": {"annotprefix": "Astrocyte_enhancers", "chr_nums": "22"}, "params": {"chr_nums": [1, 2, 3, 4, 5, 6, 7, 8, 9, 10, 11, 12, 13, 14, 15, 16, 17, 18, 19, 20, 21, 22], "outfolder": ["psp_enrichment_results/"]}, "log": [], "threads": 1, "resources": {"tmpdir": "/tmp"}, "jobid": 254, "cluster": {"queue": "premium", "cores": 4, "mem": 10000, "time": "300", "name": "$(basename $(pwd)):calculate_ld_score:annotprefix=Astrocyte_enhancers,chr_nums=22", "output": "logs/calculate_ld_score:annotprefix=Astrocyte_enhancers,chr_nums=22.stdout", "error": "logs/calculate_ld_score:annotprefix=Astrocyte_enhancers,chr_nums=22.stderr", "himem": ""}}
 cd /sc/arion/projects/ad-omics/ashvin/pipelines/ldsc && \
/sc/arion/projects/ad-omics/conda/envs/snakemake/bin/python3.1 \
-m snakemake psp_enrichment_results//annotation_files/Astrocyte_enhancers.a.22.l2.ldscore.gz --snakefile /sc/arion/projects/ad-omics/ashvin/pipelines/ldsc/Snakefile \
--force --cores all --keep-target-files --keep-remote --max-inventory-time 0 \
--wait-for-files '/sc/arion/projects/ad-omics/ashvin/pipelines/ldsc/.snakemake/tmp.nblzxt6t' 'psp_enrichment_results//annotation_files/Astrocyte_enhancers.a.22.annot.gz' --latency-wait 30 \
 --attempt 1 --force-use-threads --scheduler ilp \
--wrapper-prefix https://github.com/snakemake/snakemake-wrappers/raw/ \
 --configfiles /sc/arion/projects/ad-omics/ashvin/pipelines/ldsc/config.yaml --config mode=Null  --allowed-rules calculate_ld_score --nocolor --notemp --no-hooks --nolock --scheduler-solver-path /sc/arion/projects/ad-omics/conda/envs/snakemake/bin \
--mode 2  --use-conda  --conda-frontend mamba  --conda-base-path /hpc/packages/minerva-common/anaconda3/5.0.1  --default-resources "tmpdir=system_tmpdir" 


------------------------------------------------------------

Successfully completed.

Resource usage summary:

    CPU time :                                   44.23 sec.
    Max Memory :                                 315 MB
    Average Memory :                             203.86 MB
    Total Requested Memory :                     40000.00 MB
    Delta Memory :                               39685.00 MB
    Max Swap :                                   -
    Max Processes :                              8
    Max Threads :                                15
    Run time :                                   53 sec.
    Turnaround time :                            58 sec.

The output (if any) follows:

psp_enrichment_results//annotation_files/Astrocyte_enhancers.a.22
psp_enrichment_results//annotation_files/Astrocyte_enhancers.a.22
*********************************************************************
* LD Score Regression (LDSC)
* Version 1.0.0
* (C) 2014-2015 Brendan Bulik-Sullivan and Hilary Finucane
* Broad Institute of MIT and Harvard / MIT Department of Mathematics
* GNU General Public License v3
*********************************************************************
Call: 
./ldsc.py \
--ld-wind-cm 1.0 \
--out psp_enrichment_results//annotation_files/Astrocyte_enhancers.a.22 \
--bfile /sc/arion/projects/ad-omics/ashvin/ldsc_annotations/1000G_EUR_Phase3_plink/1000G.EUR.QC.22 \
--annot psp_enrichment_results//annotation_files/Astrocyte_enhancers.a.22.annot.gz \
--l2  

Beginning analysis at Tue May 16 15:11:09 2023
Read list of 141123 SNPs from /sc/arion/projects/ad-omics/ashvin/ldsc_annotations/1000G_EUR_Phase3_plink/1000G.EUR.QC.22.bim
Read 2 annotations for 141123 SNPs from psp_enrichment_results//annotation_files/Astrocyte_enhancers.a.22.annot.gz
Read list of 489 individuals from /sc/arion/projects/ad-omics/ashvin/ldsc_annotations/1000G_EUR_Phase3_plink/1000G.EUR.QC.22.fam
Reading genotypes from /sc/arion/projects/ad-omics/ashvin/ldsc_annotations/1000G_EUR_Phase3_plink/1000G.EUR.QC.22.bed
After filtering, 141123 SNPs remain
Estimating LD Score.
Writing LD Scores for 141123 SNPs to psp_enrichment_results//annotation_files/Astrocyte_enhancers.a.22.l2.ldscore.gz

Summary of LD Scores in psp_enrichment_results//annotation_files/Astrocyte_enhancers.a.22.l2.ldscore.gz
         MAF    baseL2   ANNOTL2
mean  0.1472   76.1135    4.0587
std   0.1498   82.0816    9.7257
min   0.0051   -7.2760   -0.9178
25%   0.0184   21.4298    0.0497
50%   0.0838   49.8118    0.7478
75%   0.2556  100.3282    4.0053
max   0.5000  601.7855  122.3770

MAF/LD Score Correlation Matrix
            MAF  baseL2  ANNOTL2
MAF      1.0000  0.3063   0.1417
baseL2   0.3063  1.0000   0.6048
ANNOTL2  0.1417  0.6048   1.0000

LD Score Matrix Condition Number
14.3856

Annotation Correlation Matrix
       base  ANNOT
base    NaN    NaN
ANNOT   NaN    1.0

Annotation Matrix Column Sums
base     141123
ANNOT      7010

Summary of Annotation Matrix Row Sums
count    141123.0000
mean          1.0497
std           0.2173
min           1.0000
25%           1.0000
50%           1.0000
75%           1.0000
max           2.0000
Analysis finished at Tue May 16 15:11:47 2023
Total time elapsed: 38.52s


PS:

Read file <cluster/calculate_ld_score_annotprefix=Astrocyte_enhancers,chr_nums=22.stderr> for stderr output of this job.

