Sender: LSF System <lsfadmin@lc03g27>
Subject: Job 89817843: <ldsc:calculate_ld_score:annotprefix=Neuronal_enhancers,chr_nums=21> in cluster <chimera> Done

Job <ldsc:calculate_ld_score:annotprefix=Neuronal_enhancers,chr_nums=21> was submitted from host <lc03e30> by user <ravia04> in cluster <chimera> at Tue May 16 15:10:50 2023
Job was executed on host(s) <4*lc03g27>, in queue <premium>, as user <ravia04> in cluster <chimera> at Tue May 16 15:10:55 2023
</hpc/users/ravia04> was used as the home directory.
</sc/arion/projects/ad-omics/ashvin/pipelines/ldsc> was used as the working directory.
Started at Tue May 16 15:10:55 2023
Terminated at Tue May 16 15:11:52 2023
Results reported at Tue May 16 15:11:52 2023

Your job looked like:

------------------------------------------------------------
# LSBATCH: User input
#!/bin/sh
# properties = {"type": "single", "rule": "calculate_ld_score", "local": false, "input": ["psp_enrichment_results//annotation_files/Neuronal_enhancers.a.21.annot.gz"], "output": ["psp_enrichment_results//annotation_files/Neuronal_enhancers.a.21.l2.ldscore.gz", "psp_enrichment_results//annotation_files/Neuronal_enhancers.a.21.l2.M", "psp_enrichment_results//annotation_files/Neuronal_enhancers.a.21.l2.M_5_50"], "wildcards": {"annotprefix": "Neuronal_enhancers", "chr_nums": "21"}, "params": {"chr_nums": [1, 2, 3, 4, 5, 6, 7, 8, 9, 10, 11, 12, 13, 14, 15, 16, 17, 18, 19, 20, 21, 22], "outfolder": ["psp_enrichment_results/"]}, "log": [], "threads": 1, "resources": {"tmpdir": "/tmp"}, "jobid": 341, "cluster": {"queue": "premium", "cores": 4, "mem": 10000, "time": "300", "name": "$(basename $(pwd)):calculate_ld_score:annotprefix=Neuronal_enhancers,chr_nums=21", "output": "logs/calculate_ld_score:annotprefix=Neuronal_enhancers,chr_nums=21.stdout", "error": "logs/calculate_ld_score:annotprefix=Neuronal_enhancers,chr_nums=21.stderr", "himem": ""}}
 cd /sc/arion/projects/ad-omics/ashvin/pipelines/ldsc && \
/sc/arion/projects/ad-omics/conda/envs/snakemake/bin/python3.1 \
-m snakemake psp_enrichment_results//annotation_files/Neuronal_enhancers.a.21.l2.ldscore.gz --snakefile /sc/arion/projects/ad-omics/ashvin/pipelines/ldsc/Snakefile \
--force --cores all --keep-target-files --keep-remote --max-inventory-time 0 \
--wait-for-files '/sc/arion/projects/ad-omics/ashvin/pipelines/ldsc/.snakemake/tmp.nblzxt6t' 'psp_enrichment_results//annotation_files/Neuronal_enhancers.a.21.annot.gz' --latency-wait 30 \
 --attempt 1 --force-use-threads --scheduler ilp \
--wrapper-prefix https://github.com/snakemake/snakemake-wrappers/raw/ \
 --configfiles /sc/arion/projects/ad-omics/ashvin/pipelines/ldsc/config.yaml --config mode=Null  --allowed-rules calculate_ld_score --nocolor --notemp --no-hooks --nolock --scheduler-solver-path /sc/arion/projects/ad-omics/conda/envs/snakemake/bin \
--mode 2  --use-conda  --conda-frontend mamba  --conda-base-path /hpc/packages/minerva-common/anaconda3/5.0.1  --default-resources "tmpdir=system_tmpdir" 


------------------------------------------------------------

Successfully completed.

Resource usage summary:

    CPU time :                                   48.15 sec.
    Max Memory :                                 279 MB
    Average Memory :                             199.74 MB
    Total Requested Memory :                     40000.00 MB
    Delta Memory :                               39721.00 MB
    Max Swap :                                   -
    Max Processes :                              7
    Max Threads :                                12
    Run time :                                   57 sec.
    Turnaround time :                            62 sec.

The output (if any) follows:

psp_enrichment_results//annotation_files/Neuronal_enhancers.a.21
psp_enrichment_results//annotation_files/Neuronal_enhancers.a.21
*********************************************************************
* LD Score Regression (LDSC)
* Version 1.0.0
* (C) 2014-2015 Brendan Bulik-Sullivan and Hilary Finucane
* Broad Institute of MIT and Harvard / MIT Department of Mathematics
* GNU General Public License v3
*********************************************************************
Call: 
./ldsc.py \
--ld-wind-cm 1.0 \
--out psp_enrichment_results//annotation_files/Neuronal_enhancers.a.21 \
--bfile /sc/arion/projects/ad-omics/ashvin/ldsc_annotations/1000G_EUR_Phase3_plink/1000G.EUR.QC.21 \
--annot psp_enrichment_results//annotation_files/Neuronal_enhancers.a.21.annot.gz \
--l2  

Beginning analysis at Tue May 16 15:11:09 2023
Read list of 138712 SNPs from /sc/arion/projects/ad-omics/ashvin/ldsc_annotations/1000G_EUR_Phase3_plink/1000G.EUR.QC.21.bim
Read 2 annotations for 138712 SNPs from psp_enrichment_results//annotation_files/Neuronal_enhancers.a.21.annot.gz
Read list of 489 individuals from /sc/arion/projects/ad-omics/ashvin/ldsc_annotations/1000G_EUR_Phase3_plink/1000G.EUR.QC.21.fam
Reading genotypes from /sc/arion/projects/ad-omics/ashvin/ldsc_annotations/1000G_EUR_Phase3_plink/1000G.EUR.QC.21.bed
After filtering, 138712 SNPs remain
Estimating LD Score.
Writing LD Scores for 138712 SNPs to psp_enrichment_results//annotation_files/Neuronal_enhancers.a.21.l2.ldscore.gz

Summary of LD Scores in psp_enrichment_results//annotation_files/Neuronal_enhancers.a.21.l2.ldscore.gz
         MAF    baseL2  ANNOTL2
mean  0.1537   77.3794   2.0846
std   0.1511   70.1965   3.8961
min   0.0051   -4.6330  -0.3650
25%   0.0204   24.2483   0.0613
50%   0.0941   58.1618   0.4717
75%   0.2679  110.2260   2.2483
max   0.5000  476.9884  36.0186

MAF/LD Score Correlation Matrix
            MAF  baseL2  ANNOTL2
MAF      1.0000  0.4404   0.1932
baseL2   0.4404  1.0000   0.4616
ANNOTL2  0.1932  0.4616   1.0000

LD Score Matrix Condition Number
30.2425

Annotation Correlation Matrix
       base  ANNOT
base    NaN    NaN
ANNOT   NaN    1.0

Annotation Matrix Column Sums
base     138712
ANNOT      4263

Summary of Annotation Matrix Row Sums
count    138712.0000
mean          1.0307
std           0.1726
min           1.0000
25%           1.0000
50%           1.0000
75%           1.0000
max           2.0000
Analysis finished at Tue May 16 15:11:51 2023
Total time elapsed: 42.13s


PS:

Read file <cluster/calculate_ld_score_annotprefix=Neuronal_enhancers,chr_nums=21.stderr> for stderr output of this job.

