Sender: LSF System <lsfadmin@lc03g22>
Subject: Job 89817865: <ldsc:calculate_ld_score:annotprefix=Oligo_promoters,chr_nums=12> in cluster <chimera> Done

Job <ldsc:calculate_ld_score:annotprefix=Oligo_promoters,chr_nums=12> was submitted from host <lc03e30> by user <ravia04> in cluster <chimera> at Tue May 16 15:11:11 2023
Job was executed on host(s) <4*lc03g22>, in queue <premium>, as user <ravia04> in cluster <chimera> at Tue May 16 15:11:14 2023
</hpc/users/ravia04> was used as the home directory.
</sc/arion/projects/ad-omics/ashvin/pipelines/ldsc> was used as the working directory.
Started at Tue May 16 15:11:14 2023
Terminated at Tue May 16 15:14:31 2023
Results reported at Tue May 16 15:14:31 2023

Your job looked like:

------------------------------------------------------------
# LSBATCH: User input
#!/bin/sh
# properties = {"type": "single", "rule": "calculate_ld_score", "local": false, "input": ["psp_enrichment_results//annotation_files/Oligo_promoters.a.12.annot.gz"], "output": ["psp_enrichment_results//annotation_files/Oligo_promoters.a.12.l2.ldscore.gz", "psp_enrichment_results//annotation_files/Oligo_promoters.a.12.l2.M", "psp_enrichment_results//annotation_files/Oligo_promoters.a.12.l2.M_5_50"], "wildcards": {"annotprefix": "Oligo_promoters", "chr_nums": "12"}, "params": {"chr_nums": [1, 2, 3, 4, 5, 6, 7, 8, 9, 10, 11, 12, 13, 14, 15, 16, 17, 18, 19, 20, 21, 22], "outfolder": ["psp_enrichment_results/"]}, "log": [], "threads": 1, "resources": {"tmpdir": "/tmp"}, "jobid": 266, "cluster": {"queue": "premium", "cores": 4, "mem": 10000, "time": "300", "name": "$(basename $(pwd)):calculate_ld_score:annotprefix=Oligo_promoters,chr_nums=12", "output": "logs/calculate_ld_score:annotprefix=Oligo_promoters,chr_nums=12.stdout", "error": "logs/calculate_ld_score:annotprefix=Oligo_promoters,chr_nums=12.stderr", "himem": ""}}
 cd /sc/arion/projects/ad-omics/ashvin/pipelines/ldsc && \
/sc/arion/projects/ad-omics/conda/envs/snakemake/bin/python3.1 \
-m snakemake psp_enrichment_results//annotation_files/Oligo_promoters.a.12.l2.ldscore.gz --snakefile /sc/arion/projects/ad-omics/ashvin/pipelines/ldsc/Snakefile \
--force --cores all --keep-target-files --keep-remote --max-inventory-time 0 \
--wait-for-files '/sc/arion/projects/ad-omics/ashvin/pipelines/ldsc/.snakemake/tmp.nblzxt6t' 'psp_enrichment_results//annotation_files/Oligo_promoters.a.12.annot.gz' --latency-wait 30 \
 --attempt 1 --force-use-threads --scheduler ilp \
--wrapper-prefix https://github.com/snakemake/snakemake-wrappers/raw/ \
 --configfiles /sc/arion/projects/ad-omics/ashvin/pipelines/ldsc/config.yaml --config mode=Null  --allowed-rules calculate_ld_score --nocolor --notemp --no-hooks --nolock --scheduler-solver-path /sc/arion/projects/ad-omics/conda/envs/snakemake/bin \
--mode 2  --use-conda  --conda-frontend mamba  --conda-base-path /hpc/packages/minerva-common/anaconda3/5.0.1  --default-resources "tmpdir=system_tmpdir" 


------------------------------------------------------------

Successfully completed.

Resource usage summary:

    CPU time :                                   189.81 sec.
    Max Memory :                                 538 MB
    Average Memory :                             430.93 MB
    Total Requested Memory :                     40000.00 MB
    Delta Memory :                               39462.00 MB
    Max Swap :                                   -
    Max Processes :                              8
    Max Threads :                                13
    Run time :                                   196 sec.
    Turnaround time :                            200 sec.

The output (if any) follows:

psp_enrichment_results//annotation_files/Oligo_promoters.a.12
psp_enrichment_results//annotation_files/Oligo_promoters.a.12
*********************************************************************
* LD Score Regression (LDSC)
* Version 1.0.0
* (C) 2014-2015 Brendan Bulik-Sullivan and Hilary Finucane
* Broad Institute of MIT and Harvard / MIT Department of Mathematics
* GNU General Public License v3
*********************************************************************
Call: 
./ldsc.py \
--ld-wind-cm 1.0 \
--out psp_enrichment_results//annotation_files/Oligo_promoters.a.12 \
--bfile /sc/arion/projects/ad-omics/ashvin/ldsc_annotations/1000G_EUR_Phase3_plink/1000G.EUR.QC.12 \
--annot psp_enrichment_results//annotation_files/Oligo_promoters.a.12.annot.gz \
--l2  

Beginning analysis at Tue May 16 15:11:25 2023
Read list of 480110 SNPs from /sc/arion/projects/ad-omics/ashvin/ldsc_annotations/1000G_EUR_Phase3_plink/1000G.EUR.QC.12.bim
Read 2 annotations for 480110 SNPs from psp_enrichment_results//annotation_files/Oligo_promoters.a.12.annot.gz
Read list of 489 individuals from /sc/arion/projects/ad-omics/ashvin/ldsc_annotations/1000G_EUR_Phase3_plink/1000G.EUR.QC.12.fam
Reading genotypes from /sc/arion/projects/ad-omics/ashvin/ldsc_annotations/1000G_EUR_Phase3_plink/1000G.EUR.QC.12.bed
After filtering, 480110 SNPs remain
Estimating LD Score.
Writing LD Scores for 480110 SNPs to psp_enrichment_results//annotation_files/Oligo_promoters.a.12.l2.ldscore.gz

Summary of LD Scores in psp_enrichment_results//annotation_files/Oligo_promoters.a.12.l2.ldscore.gz
         MAF     baseL2  ANNOTL2
mean  0.1479   133.0252   1.1013
std   0.1493   252.2069   2.3165
min   0.0051   -14.3940  -0.2555
25%   0.0184    31.1472   0.0201
50%   0.0859    72.1346   0.1748
75%   0.2566   147.9570   1.0997
max   0.5000  2913.3788  26.4657

MAF/LD Score Correlation Matrix
            MAF  baseL2  ANNOTL2
MAF      1.0000  0.2278   0.1408
baseL2   0.2278  1.0000   0.3471
ANNOTL2  0.1408  0.3471   1.0000

LD Score Matrix Condition Number
126.5325

Annotation Correlation Matrix
       base  ANNOT
base    NaN    NaN
ANNOT   NaN    1.0

Annotation Matrix Column Sums
base     480110
ANNOT      5411

Summary of Annotation Matrix Row Sums
count    480110.0000
mean          1.0113
std           0.1056
min           1.0000
25%           1.0000
50%           1.0000
75%           1.0000
max           2.0000
Analysis finished at Tue May 16 15:14:28 2023
Total time elapsed: 3.0m:3.04s


PS:

Read file <cluster/calculate_ld_score_annotprefix=Oligo_promoters,chr_nums=12.stderr> for stderr output of this job.

