Sender: LSF System <lsfadmin@lc03e21>
Subject: Job 89817808: <ldsc:calculate_ld_score:annotprefix=Microglia_enhancers,chr_nums=18> in cluster <chimera> Done

Job <ldsc:calculate_ld_score:annotprefix=Microglia_enhancers,chr_nums=18> was submitted from host <lc03e30> by user <ravia04> in cluster <chimera> at Tue May 16 15:10:46 2023
Job was executed on host(s) <4*lc03e21>, in queue <premium>, as user <ravia04> in cluster <chimera> at Tue May 16 15:10:49 2023
</hpc/users/ravia04> was used as the home directory.
</sc/arion/projects/ad-omics/ashvin/pipelines/ldsc> was used as the working directory.
Started at Tue May 16 15:10:49 2023
Terminated at Tue May 16 15:12:38 2023
Results reported at Tue May 16 15:12:38 2023

Your job looked like:

------------------------------------------------------------
# LSBATCH: User input
#!/bin/sh
# properties = {"type": "single", "rule": "calculate_ld_score", "local": false, "input": ["psp_enrichment_results//annotation_files/Microglia_enhancers.a.18.annot.gz"], "output": ["psp_enrichment_results//annotation_files/Microglia_enhancers.a.18.l2.ldscore.gz", "psp_enrichment_results//annotation_files/Microglia_enhancers.a.18.l2.M", "psp_enrichment_results//annotation_files/Microglia_enhancers.a.18.l2.M_5_50"], "wildcards": {"annotprefix": "Microglia_enhancers", "chr_nums": "18"}, "params": {"chr_nums": [1, 2, 3, 4, 5, 6, 7, 8, 9, 10, 11, 12, 13, 14, 15, 16, 17, 18, 19, 20, 21, 22], "outfolder": ["psp_enrichment_results/"]}, "log": [], "threads": 1, "resources": {"tmpdir": "/tmp"}, "jobid": 360, "cluster": {"queue": "premium", "cores": 4, "mem": 10000, "time": "300", "name": "$(basename $(pwd)):calculate_ld_score:annotprefix=Microglia_enhancers,chr_nums=18", "output": "logs/calculate_ld_score:annotprefix=Microglia_enhancers,chr_nums=18.stdout", "error": "logs/calculate_ld_score:annotprefix=Microglia_enhancers,chr_nums=18.stderr", "himem": ""}}
 cd /sc/arion/projects/ad-omics/ashvin/pipelines/ldsc && \
/sc/arion/projects/ad-omics/conda/envs/snakemake/bin/python3.1 \
-m snakemake psp_enrichment_results//annotation_files/Microglia_enhancers.a.18.l2.ldscore.gz --snakefile /sc/arion/projects/ad-omics/ashvin/pipelines/ldsc/Snakefile \
--force --cores all --keep-target-files --keep-remote --max-inventory-time 0 \
--wait-for-files '/sc/arion/projects/ad-omics/ashvin/pipelines/ldsc/.snakemake/tmp.nblzxt6t' 'psp_enrichment_results//annotation_files/Microglia_enhancers.a.18.annot.gz' --latency-wait 30 \
 --attempt 1 --force-use-threads --scheduler ilp \
--wrapper-prefix https://github.com/snakemake/snakemake-wrappers/raw/ \
 --configfiles /sc/arion/projects/ad-omics/ashvin/pipelines/ldsc/config.yaml --config mode=Null  --allowed-rules calculate_ld_score --nocolor --notemp --no-hooks --nolock --scheduler-solver-path /sc/arion/projects/ad-omics/conda/envs/snakemake/bin \
--mode 2  --use-conda  --conda-frontend mamba  --conda-base-path /hpc/packages/minerva-common/anaconda3/5.0.1  --default-resources "tmpdir=system_tmpdir" 


------------------------------------------------------------

Successfully completed.

Resource usage summary:

    CPU time :                                   91.64 sec.
    Max Memory :                                 375 MB
    Average Memory :                             301.54 MB
    Total Requested Memory :                     40000.00 MB
    Delta Memory :                               39625.00 MB
    Max Swap :                                   -
    Max Processes :                              7
    Max Threads :                                12
    Run time :                                   108 sec.
    Turnaround time :                            112 sec.

The output (if any) follows:

psp_enrichment_results//annotation_files/Microglia_enhancers.a.18
psp_enrichment_results//annotation_files/Microglia_enhancers.a.18
*********************************************************************
* LD Score Regression (LDSC)
* Version 1.0.0
* (C) 2014-2015 Brendan Bulik-Sullivan and Hilary Finucane
* Broad Institute of MIT and Harvard / MIT Department of Mathematics
* GNU General Public License v3
*********************************************************************
Call: 
./ldsc.py \
--ld-wind-cm 1.0 \
--out psp_enrichment_results//annotation_files/Microglia_enhancers.a.18 \
--bfile /sc/arion/projects/ad-omics/ashvin/ldsc_annotations/1000G_EUR_Phase3_plink/1000G.EUR.QC.18 \
--annot psp_enrichment_results//annotation_files/Microglia_enhancers.a.18.annot.gz \
--l2  

Beginning analysis at Tue May 16 15:11:09 2023
Read list of 285156 SNPs from /sc/arion/projects/ad-omics/ashvin/ldsc_annotations/1000G_EUR_Phase3_plink/1000G.EUR.QC.18.bim
Read 2 annotations for 285156 SNPs from psp_enrichment_results//annotation_files/Microglia_enhancers.a.18.annot.gz
Read list of 489 individuals from /sc/arion/projects/ad-omics/ashvin/ldsc_annotations/1000G_EUR_Phase3_plink/1000G.EUR.QC.18.fam
Reading genotypes from /sc/arion/projects/ad-omics/ashvin/ldsc_annotations/1000G_EUR_Phase3_plink/1000G.EUR.QC.18.bed
After filtering, 285156 SNPs remain
Estimating LD Score.
Writing LD Scores for 285156 SNPs to psp_enrichment_results//annotation_files/Microglia_enhancers.a.18.l2.ldscore.gz

Summary of LD Scores in psp_enrichment_results//annotation_files/Microglia_enhancers.a.18.l2.ldscore.gz
         MAF    baseL2  ANNOTL2
mean  0.1482   87.7806   0.8451
std   0.1488   87.5583   2.5931
min   0.0051   -6.4250  -0.6658
25%   0.0184   26.1970   0.0000
50%   0.0879   61.4711   0.0412
75%   0.2566  119.8978   0.5092
max   0.5000  603.7230  64.5722

MAF/LD Score Correlation Matrix
            MAF  baseL2  ANNOTL2
MAF      1.0000  0.3872   0.1203
baseL2   0.3872  1.0000   0.1282
ANNOTL2  0.1203  0.1282   1.0000

LD Score Matrix Condition Number
47.7437

Annotation Correlation Matrix
       base  ANNOT
base    NaN    NaN
ANNOT   NaN    1.0

Annotation Matrix Column Sums
base     285156
ANNOT      4644

Summary of Annotation Matrix Row Sums
count    285156.0000
mean          1.0163
std           0.1266
min           1.0000
25%           1.0000
50%           1.0000
75%           1.0000
max           2.0000
Analysis finished at Tue May 16 15:12:36 2023
Total time elapsed: 1.0m:27.9s


PS:

Read file <cluster/calculate_ld_score_annotprefix=Microglia_enhancers,chr_nums=18.stderr> for stderr output of this job.

