Sender: LSF System <lsfadmin@lc01g19>
Subject: Job 89817813: <ldsc:calculate_ld_score:annotprefix=Neuronal_promoters,chr_nums=4> in cluster <chimera> Done

Job <ldsc:calculate_ld_score:annotprefix=Neuronal_promoters,chr_nums=4> was submitted from host <lc03e30> by user <ravia04> in cluster <chimera> at Tue May 16 15:10:46 2023
Job was executed on host(s) <4*lc01g19>, in queue <premium>, as user <ravia04> in cluster <chimera> at Tue May 16 15:10:50 2023
</hpc/users/ravia04> was used as the home directory.
</sc/arion/projects/ad-omics/ashvin/pipelines/ldsc> was used as the working directory.
Started at Tue May 16 15:10:50 2023
Terminated at Tue May 16 15:15:48 2023
Results reported at Tue May 16 15:15:48 2023

Your job looked like:

------------------------------------------------------------
# LSBATCH: User input
#!/bin/sh
# properties = {"type": "single", "rule": "calculate_ld_score", "local": false, "input": ["psp_enrichment_results//annotation_files/Neuronal_promoters.a.4.annot.gz"], "output": ["psp_enrichment_results//annotation_files/Neuronal_promoters.a.4.l2.ldscore.gz", "psp_enrichment_results//annotation_files/Neuronal_promoters.a.4.l2.M", "psp_enrichment_results//annotation_files/Neuronal_promoters.a.4.l2.M_5_50"], "wildcards": {"annotprefix": "Neuronal_promoters", "chr_nums": "4"}, "params": {"chr_nums": [1, 2, 3, 4, 5, 6, 7, 8, 9, 10, 11, 12, 13, 14, 15, 16, 17, 18, 19, 20, 21, 22], "outfolder": ["psp_enrichment_results/"]}, "log": [], "threads": 1, "resources": {"tmpdir": "/tmp"}, "jobid": 302, "cluster": {"queue": "premium", "cores": 4, "mem": 10000, "time": "300", "name": "$(basename $(pwd)):calculate_ld_score:annotprefix=Neuronal_promoters,chr_nums=4", "output": "logs/calculate_ld_score:annotprefix=Neuronal_promoters,chr_nums=4.stdout", "error": "logs/calculate_ld_score:annotprefix=Neuronal_promoters,chr_nums=4.stderr", "himem": ""}}
 cd /sc/arion/projects/ad-omics/ashvin/pipelines/ldsc && \
/sc/arion/projects/ad-omics/conda/envs/snakemake/bin/python3.1 \
-m snakemake psp_enrichment_results//annotation_files/Neuronal_promoters.a.4.l2.ldscore.gz --snakefile /sc/arion/projects/ad-omics/ashvin/pipelines/ldsc/Snakefile \
--force --cores all --keep-target-files --keep-remote --max-inventory-time 0 \
--wait-for-files '/sc/arion/projects/ad-omics/ashvin/pipelines/ldsc/.snakemake/tmp.nblzxt6t' 'psp_enrichment_results//annotation_files/Neuronal_promoters.a.4.annot.gz' --latency-wait 30 \
 --attempt 1 --force-use-threads --scheduler ilp \
--wrapper-prefix https://github.com/snakemake/snakemake-wrappers/raw/ \
 --configfiles /sc/arion/projects/ad-omics/ashvin/pipelines/ldsc/config.yaml --config mode=Null  --allowed-rules calculate_ld_score --nocolor --notemp --no-hooks --nolock --scheduler-solver-path /sc/arion/projects/ad-omics/conda/envs/snakemake/bin \
--mode 2  --use-conda  --conda-frontend mamba  --conda-base-path /hpc/packages/minerva-common/anaconda3/5.0.1  --default-resources "tmpdir=system_tmpdir" 


------------------------------------------------------------

Successfully completed.

Resource usage summary:

    CPU time :                                   281.62 sec.
    Max Memory :                                 692 MB
    Average Memory :                             570.62 MB
    Total Requested Memory :                     40000.00 MB
    Delta Memory :                               39308.00 MB
    Max Swap :                                   2 MB
    Max Processes :                              8
    Max Threads :                                13
    Run time :                                   299 sec.
    Turnaround time :                            302 sec.

The output (if any) follows:

psp_enrichment_results//annotation_files/Neuronal_promoters.a.4
psp_enrichment_results//annotation_files/Neuronal_promoters.a.4
*********************************************************************
* LD Score Regression (LDSC)
* Version 1.0.0
* (C) 2014-2015 Brendan Bulik-Sullivan and Hilary Finucane
* Broad Institute of MIT and Harvard / MIT Department of Mathematics
* GNU General Public License v3
*********************************************************************
Call: 
./ldsc.py \
--ld-wind-cm 1.0 \
--out psp_enrichment_results//annotation_files/Neuronal_promoters.a.4 \
--bfile /sc/arion/projects/ad-omics/ashvin/ldsc_annotations/1000G_EUR_Phase3_plink/1000G.EUR.QC.4 \
--annot psp_enrichment_results//annotation_files/Neuronal_promoters.a.4.annot.gz \
--l2  

Beginning analysis at Tue May 16 15:11:09 2023
Read list of 729645 SNPs from /sc/arion/projects/ad-omics/ashvin/ldsc_annotations/1000G_EUR_Phase3_plink/1000G.EUR.QC.4.bim
Read 2 annotations for 729645 SNPs from psp_enrichment_results//annotation_files/Neuronal_promoters.a.4.annot.gz
Read list of 489 individuals from /sc/arion/projects/ad-omics/ashvin/ldsc_annotations/1000G_EUR_Phase3_plink/1000G.EUR.QC.4.fam
Reading genotypes from /sc/arion/projects/ad-omics/ashvin/ldsc_annotations/1000G_EUR_Phase3_plink/1000G.EUR.QC.4.bed
After filtering, 729645 SNPs remain
Estimating LD Score.
Writing LD Scores for 729645 SNPs to psp_enrichment_results//annotation_files/Neuronal_promoters.a.4.l2.ldscore.gz

Summary of LD Scores in psp_enrichment_results//annotation_files/Neuronal_promoters.a.4.l2.ldscore.gz
         MAF     baseL2  ANNOTL2
mean  0.1491   125.4414   0.7056
std   0.1485   129.1165   1.8474
min   0.0051    -8.2764  -0.2419
25%   0.0194    37.2738   0.0000
50%   0.0900    89.0135   0.0693
75%   0.2587   171.1312   0.4424
max   0.5000  1182.8075  20.6800

MAF/LD Score Correlation Matrix
            MAF  baseL2  ANNOTL2
MAF      1.0000  0.3549   0.1552
baseL2   0.3549  1.0000   0.3811
ANNOTL2  0.1552  0.3811   1.0000

LD Score Matrix Condition Number
105.3989

Annotation Correlation Matrix
       base  ANNOT
base    NaN    NaN
ANNOT   NaN    1.0

Annotation Matrix Column Sums
base     729645
ANNOT      4861

Summary of Annotation Matrix Row Sums
count    729645.0000
mean          1.0067
std           0.0813
min           1.0000
25%           1.0000
50%           1.0000
75%           1.0000
max           2.0000
Analysis finished at Tue May 16 15:15:46 2023
Total time elapsed: 4.0m:37.1s


PS:

Read file <cluster/calculate_ld_score_annotprefix=Neuronal_promoters,chr_nums=4.stderr> for stderr output of this job.

