Sender: LSF System <lsfadmin@lc05e11>
Subject: Job 89817545: <ldsc:create_annotation:annotprefix=Neuronal_promoters> in cluster <chimera> Done

Job <ldsc:create_annotation:annotprefix=Neuronal_promoters> was submitted from host <lc03e30> by user <ravia04> in cluster <chimera> at Tue May 16 15:08:31 2023
Job was executed on host(s) <4*lc05e11>, in queue <premium>, as user <ravia04> in cluster <chimera> at Tue May 16 15:08:35 2023
</hpc/users/ravia04> was used as the home directory.
</sc/arion/projects/ad-omics/ashvin/pipelines/ldsc> was used as the working directory.
Started at Tue May 16 15:08:35 2023
Terminated at Tue May 16 15:10:00 2023
Results reported at Tue May 16 15:10:00 2023

Your job looked like:

------------------------------------------------------------
# LSBATCH: User input
#!/bin/sh
# properties = {"type": "single", "rule": "create_annotation", "local": false, "input": ["/sc/arion/projects/ad-omics/ashvin/nott_annotations/Neuronal_promoters.bed"], "output": ["psp_enrichment_results//Neuronal_promoters.annot"], "wildcards": {"annotprefix": "Neuronal_promoters"}, "params": {"script1": "create_annotation.R"}, "log": [], "threads": 1, "resources": {"tmpdir": "/tmp"}, "jobid": 121, "cluster": {"queue": "premium", "cores": 4, "mem": 3750, "time": "120", "name": "$(basename $(pwd)):create_annotation:annotprefix=Neuronal_promoters", "output": "logs/create_annotation:annotprefix=Neuronal_promoters.stdout", "error": "logs/create_annotation:annotprefix=Neuronal_promoters.stderr", "himem": ""}}
 cd /sc/arion/projects/ad-omics/ashvin/pipelines/ldsc && \
/sc/arion/projects/ad-omics/conda/envs/snakemake/bin/python3.1 \
-m snakemake psp_enrichment_results//Neuronal_promoters.annot --snakefile /sc/arion/projects/ad-omics/ashvin/pipelines/ldsc/Snakefile \
--force --cores all --keep-target-files --keep-remote --max-inventory-time 0 \
--wait-for-files '/sc/arion/projects/ad-omics/ashvin/pipelines/ldsc/.snakemake/tmp.nblzxt6t' '/sc/arion/projects/ad-omics/ashvin/nott_annotations/Neuronal_promoters.bed' --latency-wait 30 \
 --attempt 1 --force-use-threads --scheduler ilp \
--wrapper-prefix https://github.com/snakemake/snakemake-wrappers/raw/ \
 --configfiles /sc/arion/projects/ad-omics/ashvin/pipelines/ldsc/config.yaml --config mode=Null  --allowed-rules create_annotation --nocolor --notemp --no-hooks --nolock --scheduler-solver-path /sc/arion/projects/ad-omics/conda/envs/snakemake/bin \
--mode 2  --use-conda  --conda-frontend mamba  --conda-base-path /hpc/packages/minerva-common/anaconda3/5.0.1  --default-resources "tmpdir=system_tmpdir" 


------------------------------------------------------------

Successfully completed.

Resource usage summary:

    CPU time :                                   69.49 sec.
    Max Memory :                                 3459 MB
    Average Memory :                             1570.41 MB
    Total Requested Memory :                     15000.00 MB
    Delta Memory :                               11541.00 MB
    Max Swap :                                   -
    Max Processes :                              7
    Max Threads :                                12
    Run time :                                   85 sec.
    Turnaround time :                            89 sec.

The output (if any) follows:

$bed
[1] "/sc/arion/projects/ad-omics/ashvin/nott_annotations/Neuronal_promoters.bed"

$out
[1] "psp_enrichment_results//Neuronal_promoters.annot"

$help
[1] FALSE

[1] "psp_enrichment_results//Neuronal_promoters.annot"
[1] "decoy"
[1] "Neuronal_promoters"
[1] "psp_enrichment_results//Neuronal_promoters.annot.annot"


PS:

Read file <cluster/create_annotation_annotprefix=Neuronal_promoters.stderr> for stderr output of this job.

