Sender: LSF System <lsfadmin@lc05e10>
Subject: Job 86563302: <ldsc:create_annotation:annotprefix=Microglia_enhancers> in cluster <chimera> Exited

Job <ldsc:create_annotation:annotprefix=Microglia_enhancers> was submitted from host <lc05e11> by user <ravia04> in cluster <chimera> at Thu Mar  2 19:36:52 2023
Job was executed on host(s) <4*lc05e10>, in queue <premium>, as user <ravia04> in cluster <chimera> at Thu Mar  2 19:37:18 2023
</hpc/users/ravia04> was used as the home directory.
</sc/arion/projects/ad-omics/ashvin/ldsc> was used as the working directory.
Started at Thu Mar  2 19:37:18 2023
Terminated at Thu Mar  2 19:37:28 2023
Results reported at Thu Mar  2 19:37:28 2023

Your job looked like:

------------------------------------------------------------
# LSBATCH: User input
#!/bin/sh
# properties = {"type": "single", "rule": "create_annotation", "local": false, "input": ["/sc/arion/projects/ad-omics/ashvin/Microglia_enhancers.bed"], "output": ["caQTL_results/Microglia_enhancers.annot"], "wildcards": {"annotprefix": "Microglia_enhancers"}, "params": {"script1": "create_annotation.R"}, "log": [], "threads": 1, "resources": {"tmpdir": "/tmp"}, "jobid": 29, "cluster": {"queue": "premium", "cores": 4, "mem": 3750, "time": "120", "name": "$(basename $(pwd)):create_annotation:annotprefix=Microglia_enhancers", "output": "logs/create_annotation:annotprefix=Microglia_enhancers.stdout", "error": "logs/create_annotation:annotprefix=Microglia_enhancers.stderr", "himem": ""}}
 cd /sc/arion/projects/ad-omics/ashvin/ldsc && \
/sc/arion/projects/ad-omics/conda/envs/snakemake/bin/python3.1 \
-m snakemake caQTL_results/Microglia_enhancers.annot --snakefile /sc/arion/projects/ad-omics/ashvin/ldsc/Snakefile \
--force --cores all --keep-target-files --keep-remote --max-inventory-time 0 \
--wait-for-files '/sc/arion/projects/ad-omics/ashvin/ldsc/.snakemake/tmp.1dcufj07' '/sc/arion/projects/ad-omics/ashvin/Microglia_enhancers.bed' --latency-wait 30 \
 --attempt 1 --force-use-threads --scheduler ilp \
--wrapper-prefix https://github.com/snakemake/snakemake-wrappers/raw/ \
 --configfiles /sc/arion/projects/ad-omics/ashvin/ldsc/config.yaml --config mode=Null  --allowed-rules create_annotation --nocolor --notemp --no-hooks --nolock --scheduler-solver-path /sc/arion/projects/ad-omics/conda/envs/snakemake/bin \
--mode 2  --use-conda  --conda-frontend mamba  --conda-base-path /hpc/packages/minerva-common/anaconda3/5.0.1  --default-resources "tmpdir=system_tmpdir" 


------------------------------------------------------------

Exited with exit code 1.

Resource usage summary:

    CPU time :                                   8.45 sec.
    Max Memory :                                 512 MB
    Average Memory :                             157.00 MB
    Total Requested Memory :                     15000.00 MB
    Delta Memory :                               14488.00 MB
    Max Swap :                                   -
    Max Processes :                              6
    Max Threads :                                11
    Run time :                                   9 sec.
    Turnaround time :                            36 sec.

The output (if any) follows:



PS:

Read file <cluster/create_annotation_annotprefix=Microglia_enhancers.stderr> for stderr output of this job.

