Building DAG of jobs...
Using shell: /bin/bash
Provided cores: 4
Rules claiming more threads will be scaled down.
Select jobs to execute...

[Thu Mar  2 19:37:20 2023]
rule create_annotation:
    input: /sc/arion/projects/ad-omics/ashvin/Microglia_enhancers.bed
    output: caQTL_results/Microglia_enhancers.annot
    jobid: 0
    wildcards: annotprefix=Microglia_enhancers
    resources: mem_mb=1000, disk_mb=1000, tmpdir=/tmp

Error: '/sc/arion/projects/ad-omics/ashvin/ldsc/1000G_Phase3_annotation_full.tsv.gz' does not exist.
Execution halted
[Thu Mar  2 19:37:27 2023]
Error in rule create_annotation:
    jobid: 0
    output: caQTL_results/Microglia_enhancers.annot
    shell:
        ml R/4.0.3;Rscript create_annotation.R -b /sc/arion/projects/ad-omics/ashvin/Microglia_enhancers.bed -o caQTL_results/Microglia_enhancers.annot;
        (one of the commands exited with non-zero exit code; note that snakemake uses bash strict mode!)

Shutting down, this might take some time.
Exiting because a job execution failed. Look above for error message
