Building DAG of jobs...
File path psp_enrichment_results//Astrocyte_enhancers.annot contains double '/'. This is likely unintended. It can also lead to inconsistent results of the file-matching approach used by Snakemake.
Using shell: /bin/bash
Provided cores: 4
Rules claiming more threads will be scaled down.
Select jobs to execute...

[Tue May 16 15:08:47 2023]
rule create_annotation:
    input: /sc/arion/projects/ad-omics/ashvin/nott_annotations/Astrocyte_enhancers.bed
    output: psp_enrichment_results//Astrocyte_enhancers.annot
    jobid: 0
    wildcards: annotprefix=Astrocyte_enhancers
    resources: mem_mb=1000, disk_mb=1000, tmpdir=/tmp

Warning messages:
1: replacing previous import 'lifecycle::last_warnings' by 'rlang::last_warnings' when loading 'tibble' 
2: replacing previous import 'ellipsis::check_dots_unnamed' by 'rlang::check_dots_unnamed' when loading 'tibble' 
3: replacing previous import 'ellipsis::check_dots_used' by 'rlang::check_dots_used' when loading 'tibble' 
4: replacing previous import 'ellipsis::check_dots_empty' by 'rlang::check_dots_empty' when loading 'tibble' 
5: replacing previous import 'lifecycle::last_warnings' by 'rlang::last_warnings' when loading 'pillar' 
6: replacing previous import 'ellipsis::check_dots_unnamed' by 'rlang::check_dots_unnamed' when loading 'pillar' 
7: replacing previous import 'ellipsis::check_dots_used' by 'rlang::check_dots_used' when loading 'pillar' 
8: replacing previous import 'ellipsis::check_dots_empty' by 'rlang::check_dots_empty' when loading 'pillar' 

-- Column specification --------------------------------------------------------
cols(
  chrom = col_character(),
  start = col_double(),
  SNP = col_character(),
  CM = col_double(),
  base = col_double(),
  end = col_double()
)

[Tue May 16 15:09:59 2023]
Finished job 0.
1 of 1 steps (100%) done
