Building DAG of jobs...
Using shell: /bin/bash
Provided cores: 4
Rules claiming more threads will be scaled down.
Select jobs to execute...

[Tue May 16 15:17:26 2023]
rule format_sumstats:
    input: test.ldcts
    output: formatted_ldsc_gwas/Farrell_PSP.sumstats.gz
    jobid: 0
    resources: mem_mb=1000, disk_mb=1000, tmpdir=/tmp

/sc/arion/projects/ad-omics/ashvin/pipelines/ldsc/Snakefile:222: SettingWithCopyWarning: 
A value is trying to be set on a copy of a slice from a DataFrame.
Try using .loc[row_indexer,col_indexer] = value instead

See the caveats in the documentation: https://pandas.pydata.org/pandas-docs/stable/user_guide/indexing.html#returning-a-view-versus-a-copy
/sc/arion/projects/ad-omics/ashvin/pipelines/ldsc/Snakefile:229: SettingWithCopyWarning: 
A value is trying to be set on a copy of a slice from a DataFrame

See the caveats in the documentation: https://pandas.pydata.org/pandas-docs/stable/user_guide/indexing.html#returning-a-view-versus-a-copy
[Tue May 16 15:19:32 2023]
Finished job 0.
1 of 1 steps (100%) done
