Sender: LSF System <lsfadmin@lc05e06>
Subject: Job 89818951: <ldsc:run_ldsc:> in cluster <chimera> Exited

Job <ldsc:run_ldsc:> was submitted from host <lc03e30> by user <ravia04> in cluster <chimera> at Tue May 16 15:21:57 2023
Job was executed on host(s) <4*lc05e06>, in queue <premium>, as user <ravia04> in cluster <chimera> at Tue May 16 15:22:00 2023
</hpc/users/ravia04> was used as the home directory.
</sc/arion/projects/ad-omics/ashvin/pipelines/ldsc> was used as the working directory.
Started at Tue May 16 15:22:00 2023
Terminated at Tue May 16 15:22:37 2023
Results reported at Tue May 16 15:22:37 2023

Your job looked like:

------------------------------------------------------------
# LSBATCH: User input
#!/bin/sh
# properties = {"type": "single", "rule": "run_ldsc", "local": false, "input": ["munged_ldsc_gwas/Farrell_PSP_munged.sumstats.gz"], "output": ["results/Farrell_PSP.cell_type_results.txt"], "wildcards": {}, "params": {}, "log": [], "threads": 1, "resources": {"tmpdir": "/tmp"}, "jobid": 1, "cluster": {"queue": "premium", "cores": 4, "mem": 1000, "time": "120", "name": "$(basename $(pwd)):run_ldsc:", "output": "logs/run_ldsc:.stdout", "error": "logs/run_ldsc:.stderr", "himem": ""}}
 cd /sc/arion/projects/ad-omics/ashvin/pipelines/ldsc && \
/sc/arion/projects/ad-omics/conda/envs/snakemake/bin/python3.1 \
-m snakemake results/Farrell_PSP.cell_type_results.txt --snakefile /sc/arion/projects/ad-omics/ashvin/pipelines/ldsc/Snakefile \
--force --cores all --keep-target-files --keep-remote --max-inventory-time 0 \
--wait-for-files '/sc/arion/projects/ad-omics/ashvin/pipelines/ldsc/.snakemake/tmp.nblzxt6t' 'munged_ldsc_gwas/Farrell_PSP_munged.sumstats.gz' --latency-wait 30 \
 --attempt 3 --force-use-threads --scheduler ilp \
--wrapper-prefix https://github.com/snakemake/snakemake-wrappers/raw/ \
 --configfiles /sc/arion/projects/ad-omics/ashvin/pipelines/ldsc/config.yaml --config mode=Null  --allowed-rules run_ldsc --nocolor --notemp --no-hooks --nolock --scheduler-solver-path /sc/arion/projects/ad-omics/conda/envs/snakemake/bin \
--mode 2  --use-conda  --conda-frontend mamba  --conda-base-path /hpc/packages/minerva-common/anaconda3/5.0.1  --default-resources "tmpdir=system_tmpdir" 


------------------------------------------------------------

Exited with exit code 1.

Resource usage summary:

    CPU time :                                   36.16 sec.
    Max Memory :                                 2194 MB
    Average Memory :                             1081.43 MB
    Total Requested Memory :                     4000.00 MB
    Delta Memory :                               1806.00 MB
    Max Swap :                                   -
    Max Processes :                              8
    Max Threads :                                14
    Run time :                                   37 sec.
    Turnaround time :                            40 sec.

The output (if any) follows:

*********************************************************************
* LD Score Regression (LDSC)
* Version 1.0.0
* (C) 2014-2015 Brendan Bulik-Sullivan and Hilary Finucane
* Broad Institute of MIT and Harvard / MIT Department of Mathematics
* GNU General Public License v3
*********************************************************************
Call: 
./ldsc.py \
--h2-cts munged_ldsc_gwas/Farrell_PSP_munged.sumstats.gz \
--ref-ld-chr /sc/arion/projects/ad-omics/ashvin/ldsc_annotations/1000G_EUR_Phase3_baseline/baseline. \
--out results/Farrell_PSP \
--ref-ld-chr-cts test.ldcts \
--w-ld-chr /sc/arion/projects/ad-omics/ashvin/ldsc_annotations/weights_hm3_no_hla/weights. 

Beginning analysis at Tue May 16 15:22:04 2023
Reading summary statistics from munged_ldsc_gwas/Farrell_PSP_munged.sumstats.gz ...
Read summary statistics for 1176930 SNPs.
Reading reference panel LD Score from /sc/arion/projects/ad-omics/ashvin/ldsc_annotations/1000G_EUR_Phase3_baseline/baseline.[1-22] ...
Read reference panel LD Scores for 1190321 SNPs.
Removing partitioned LD Scores with zero variance.
Reading regression weight LD Score from /sc/arion/projects/ad-omics/ashvin/ldsc_annotations/weights_hm3_no_hla/weights.[1-22] ...
Read regression weight LD Scores for 1242190 SNPs.
After merging with reference panel LD, 1164751 SNPs remain.
After merging with regression SNP LD, 1057735 SNPs remain.
Removed 52 SNPs with chi^2 > 80 (1057683 SNPs remain)
Reading cts reference panel LD Score from Microglia_promotersMicroglia_promoters.bed.a.[1-22] ...
Traceback (most recent call last):
  File "/hpc/packages/minerva-common/ldsc/1.0.0/ldsc/ldsc.py", line 646, in <module>
    sumstats.cell_type_specific(args, log)
  File "/hpc/packages/minerva-common/ldsc/1.0.0/ldsc/ldscore/sumstats.py", line 288, in cell_type_specific
    'cts reference panel LD Score', ps.ldscore_fromlist)
  File "/hpc/packages/minerva-common/ldsc/1.0.0/ldsc/ldscore/sumstats.py", line 152, in _read_chr_split_files
    out = parsefunc(_splitp(chr_arg), _N_CHR, **kwargs)
  File "/hpc/packages/minerva-common/ldsc/1.0.0/ldsc/ldscore/parse.py", line 93, in ldscore_fromlist
    y = ldscore(fh, num)
  File "/hpc/packages/minerva-common/ldsc/1.0.0/ldsc/ldscore/parse.py", line 137, in ldscore
    s, compression = which_compression(first_fh)
  File "/hpc/packages/minerva-common/ldsc/1.0.0/ldsc/ldscore/parse.py", line 43, in which_compression
    raise IOError('Could not open {F}[./gz/bz2]'.format(F=fh))
IOError: Could not open Microglia_promotersMicroglia_promoters.bed.a.1.l2.ldscore[./gz/bz2]

Analysis finished at Tue May 16 15:22:37 2023
Total time elapsed: 32.67s


PS:

Read file <cluster/run_ldsc_.stderr> for stderr output of this job.

