Building DAG of jobs...
Using shell: /bin/bash
Provided cores: 4
Rules claiming more threads will be scaled down.
Select jobs to execute...

[Tue May 16 15:22:02 2023]
rule run_ldsc:
    input: munged_ldsc_gwas/Farrell_PSP_munged.sumstats.gz
    output: results/Farrell_PSP.cell_type_results.txt
    jobid: 0
    resources: mem_mb=1000, disk_mb=1000, tmpdir=/tmp

Traceback (most recent call last):
  File "/hpc/packages/minerva-common/ldsc/1.0.0/ldsc/ldsc.py", line 646, in <module>
    sumstats.cell_type_specific(args, log)
  File "/hpc/packages/minerva-common/ldsc/1.0.0/ldsc/ldscore/sumstats.py", line 288, in cell_type_specific
    'cts reference panel LD Score', ps.ldscore_fromlist)
  File "/hpc/packages/minerva-common/ldsc/1.0.0/ldsc/ldscore/sumstats.py", line 152, in _read_chr_split_files
    out = parsefunc(_splitp(chr_arg), _N_CHR, **kwargs)
  File "/hpc/packages/minerva-common/ldsc/1.0.0/ldsc/ldscore/parse.py", line 93, in ldscore_fromlist
    y = ldscore(fh, num)
  File "/hpc/packages/minerva-common/ldsc/1.0.0/ldsc/ldscore/parse.py", line 137, in ldscore
    s, compression = which_compression(first_fh)
  File "/hpc/packages/minerva-common/ldsc/1.0.0/ldsc/ldscore/parse.py", line 43, in which_compression
    raise IOError('Could not open {F}[./gz/bz2]'.format(F=fh))
IOError: Could not open Microglia_promotersMicroglia_promoters.bed.a.1.l2.ldscore[./gz/bz2]
[Tue May 16 15:22:37 2023]
Error in rule run_ldsc:
    jobid: 0
    output: results/Farrell_PSP.cell_type_results.txt
    shell:
        ml ldsc/1.0.0;python /hpc/packages/minerva-common/ldsc/1.0.0/ldsc/ldsc.py --h2-cts munged_ldsc_gwas/Farrell_PSP_munged.sumstats.gz --ref-ld-chr /sc/arion/projects/ad-omics/ashvin/ldsc_annotations/1000G_EUR_Phase3_baseline/baseline. --out results/Farrell_PSP --ref-ld-chr-cts test.ldcts --w-ld-chr /sc/arion/projects/ad-omics/ashvin/ldsc_annotations/weights_hm3_no_hla/weights.
        (one of the commands exited with non-zero exit code; note that snakemake uses bash strict mode!)

Shutting down, this might take some time.
Exiting because a job execution failed. Look above for error message
