Sender: LSF System <lsfadmin@lc03e24>
Subject: Job 86704597: <sh /hpc/users/ravia04/bin/snakejob -s Snakefile -c config.yaml -a acc_als-omics -m Null > in cluster <chimera> Exited

Job <sh /hpc/users/ravia04/bin/snakejob -s Snakefile -c config.yaml -a acc_als-omics -m Null > was submitted from host <li03c03> by user <ravia04> in cluster <chimera> at Wed Mar  8 12:44:17 2023
Job was executed on host(s) <1*lc03e24>, in queue <premium>, as user <ravia04> in cluster <chimera> at Wed Mar  8 12:44:22 2023
                            <1*lc03e30>
</hpc/users/ravia04> was used as the home directory.
</sc/arion/projects/ad-omics/ashvin/ldsc> was used as the working directory.
Started at Wed Mar  8 12:44:22 2023
Terminated at Wed Mar  8 12:46:39 2023
Results reported at Wed Mar  8 12:46:39 2023

Your job looked like:

------------------------------------------------------------
# LSBATCH: User input
sh /hpc/users/ravia04/bin/snakejob -s Snakefile -c config.yaml -a acc_als-omics -m Null 
------------------------------------------------------------

Exited with exit code 1.

Resource usage summary:

    CPU time :                                   5.21 sec.
    Max Memory :                                 90 MB
    Average Memory :                             85.80 MB
    Total Requested Memory :                     6000.00 MB
    Delta Memory :                               5910.00 MB
    Max Swap :                                   -
    Max Processes :                              6
    Max Threads :                                8
    Run time :                                   137 sec.
    Turnaround time :                            142 sec.

The output (if any) follows:

6.14.0
config used is config.yaml
snakefile used is Snakefile
mode selected: Null
bsub -K -J ldsc:{rule}:{wildcards} -P acc_als-omics {cluster.himem} -q {cluster.queue} -n {cluster.cores} -R "span[hosts=1] select[mem>{cluster.mem}] rusage[mem={cluster.mem}]" -W {cluster.time} -oo cluster/{rule}_{wildcards}.stdout -eo cluster/{rule}_{wildcards}.stderr <
Job <86704603> is submitted to queue <premium>.
Job <86704626> is submitted to queue <premium>.
Job <86704654> is submitted to queue <premium>.


PS:

Read file <cluster/snakejob_HPC.stderr> for stderr output of this job.

