Sender: LSF System <lsfadmin@lc05e13>
Subject: Job 89817588: <ldsc:split_by_chr:annotprefix=Neuronal_enhancers,chr_nums=2> in cluster <chimera> Done

Job <ldsc:split_by_chr:annotprefix=Neuronal_enhancers,chr_nums=2> was submitted from host <lc03e30> by user <ravia04> in cluster <chimera> at Tue May 16 15:10:05 2023
Job was executed on host(s) <4*lc05e13>, in queue <premium>, as user <ravia04> in cluster <chimera> at Tue May 16 15:10:09 2023
</hpc/users/ravia04> was used as the home directory.
</sc/arion/projects/ad-omics/ashvin/pipelines/ldsc> was used as the working directory.
Started at Tue May 16 15:10:09 2023
Terminated at Tue May 16 15:10:31 2023
Results reported at Tue May 16 15:10:31 2023

Your job looked like:

------------------------------------------------------------
# LSBATCH: User input
#!/bin/sh
# properties = {"type": "single", "rule": "split_by_chr", "local": false, "input": ["psp_enrichment_results//Neuronal_enhancers.annot"], "output": ["psp_enrichment_results//annotation_files/Neuronal_enhancers.a.2.annot.gz"], "wildcards": {"annotprefix": "Neuronal_enhancers", "chr_nums": "2"}, "params": {"outfolder": ["psp_enrichment_results/"]}, "log": [], "threads": 1, "resources": {"tmpdir": "/tmp"}, "jobid": 145, "cluster": {"queue": "premium", "cores": 4, "mem": 3750, "time": "120", "name": "$(basename $(pwd)):split_by_chr:annotprefix=Neuronal_enhancers,chr_nums=2", "output": "logs/split_by_chr:annotprefix=Neuronal_enhancers,chr_nums=2.stdout", "error": "logs/split_by_chr:annotprefix=Neuronal_enhancers,chr_nums=2.stderr", "himem": ""}}
 cd /sc/arion/projects/ad-omics/ashvin/pipelines/ldsc && \
/sc/arion/projects/ad-omics/conda/envs/snakemake/bin/python3.1 \
-m snakemake psp_enrichment_results//annotation_files/Neuronal_enhancers.a.2.annot.gz --snakefile /sc/arion/projects/ad-omics/ashvin/pipelines/ldsc/Snakefile \
--force --cores all --keep-target-files --keep-remote --max-inventory-time 0 \
--wait-for-files '/sc/arion/projects/ad-omics/ashvin/pipelines/ldsc/.snakemake/tmp.nblzxt6t' 'psp_enrichment_results//Neuronal_enhancers.annot' --latency-wait 30 \
 --attempt 1 --force-use-threads --scheduler ilp \
--wrapper-prefix https://github.com/snakemake/snakemake-wrappers/raw/ \
 --configfiles /sc/arion/projects/ad-omics/ashvin/pipelines/ldsc/config.yaml --config mode=Null  --allowed-rules split_by_chr --nocolor --notemp --no-hooks --nolock --scheduler-solver-path /sc/arion/projects/ad-omics/conda/envs/snakemake/bin \
--mode 2  --use-conda  --conda-frontend mamba  --conda-base-path /hpc/packages/minerva-common/anaconda3/5.0.1  --default-resources "tmpdir=system_tmpdir" 


------------------------------------------------------------

Successfully completed.

Resource usage summary:

    CPU time :                                   19.68 sec.
    Max Memory :                                 1420 MB
    Average Memory :                             964.77 MB
    Total Requested Memory :                     15000.00 MB
    Delta Memory :                               13580.00 MB
    Max Swap :                                   -
    Max Processes :                              6
    Max Threads :                                11
    Run time :                                   22 sec.
    Turnaround time :                            26 sec.

The output (if any) follows:

Namespace(annotation='psp_enrichment_results//Neuronal_enhancers.annot', output='psp_enrichment_results//annotation_files/Neuronal_enhancers', chrom='2')
2
         CHR     BP          SNP        CM  base  ANNOT
4345508    2  10188  rs550428710 -0.001415     1      0
4345509    2  10554  rs573105930 -0.001231     1      0
4345510    2  10560  rs539817575 -0.001228     1      0
4345511    2  10566  rs561699913 -0.001225     1      0
4345512    2  10574  rs544317244 -0.001221     1      0


PS:

Read file <cluster/split_by_chr_annotprefix=Neuronal_enhancers,chr_nums=2.stderr> for stderr output of this job.

