Sender: LSF System <lsfadmin@lc01g26>
Subject: Job 89817597: <ldsc:split_by_chr:annotprefix=Neuronal_enhancers,chr_nums=5> in cluster <chimera> Done

Job <ldsc:split_by_chr:annotprefix=Neuronal_enhancers,chr_nums=5> was submitted from host <lc03e30> by user <ravia04> in cluster <chimera> at Tue May 16 15:10:06 2023
Job was executed on host(s) <4*lc01g26>, in queue <premium>, as user <ravia04> in cluster <chimera> at Tue May 16 15:10:09 2023
</hpc/users/ravia04> was used as the home directory.
</sc/arion/projects/ad-omics/ashvin/pipelines/ldsc> was used as the working directory.
Started at Tue May 16 15:10:09 2023
Terminated at Tue May 16 15:10:30 2023
Results reported at Tue May 16 15:10:30 2023

Your job looked like:

------------------------------------------------------------
# LSBATCH: User input
#!/bin/sh
# properties = {"type": "single", "rule": "split_by_chr", "local": false, "input": ["psp_enrichment_results//Neuronal_enhancers.annot"], "output": ["psp_enrichment_results//annotation_files/Neuronal_enhancers.a.5.annot.gz"], "wildcards": {"annotprefix": "Neuronal_enhancers", "chr_nums": "5"}, "params": {"outfolder": ["psp_enrichment_results/"]}, "log": [], "threads": 1, "resources": {"tmpdir": "/tmp"}, "jobid": 148, "cluster": {"queue": "premium", "cores": 4, "mem": 3750, "time": "120", "name": "$(basename $(pwd)):split_by_chr:annotprefix=Neuronal_enhancers,chr_nums=5", "output": "logs/split_by_chr:annotprefix=Neuronal_enhancers,chr_nums=5.stdout", "error": "logs/split_by_chr:annotprefix=Neuronal_enhancers,chr_nums=5.stderr", "himem": ""}}
 cd /sc/arion/projects/ad-omics/ashvin/pipelines/ldsc && \
/sc/arion/projects/ad-omics/conda/envs/snakemake/bin/python3.1 \
-m snakemake psp_enrichment_results//annotation_files/Neuronal_enhancers.a.5.annot.gz --snakefile /sc/arion/projects/ad-omics/ashvin/pipelines/ldsc/Snakefile \
--force --cores all --keep-target-files --keep-remote --max-inventory-time 0 \
--wait-for-files '/sc/arion/projects/ad-omics/ashvin/pipelines/ldsc/.snakemake/tmp.nblzxt6t' 'psp_enrichment_results//Neuronal_enhancers.annot' --latency-wait 30 \
 --attempt 1 --force-use-threads --scheduler ilp \
--wrapper-prefix https://github.com/snakemake/snakemake-wrappers/raw/ \
 --configfiles /sc/arion/projects/ad-omics/ashvin/pipelines/ldsc/config.yaml --config mode=Null  --allowed-rules split_by_chr --nocolor --notemp --no-hooks --nolock --scheduler-solver-path /sc/arion/projects/ad-omics/conda/envs/snakemake/bin \
--mode 2  --use-conda  --conda-frontend mamba  --conda-base-path /hpc/packages/minerva-common/anaconda3/5.0.1  --default-resources "tmpdir=system_tmpdir" 


------------------------------------------------------------

Successfully completed.

Resource usage summary:

    CPU time :                                   16.85 sec.
    Max Memory :                                 1576 MB
    Average Memory :                             921.91 MB
    Total Requested Memory :                     15000.00 MB
    Delta Memory :                               13424.00 MB
    Max Swap :                                   -
    Max Processes :                              6
    Max Threads :                                11
    Run time :                                   20 sec.
    Turnaround time :                            24 sec.

The output (if any) follows:

Namespace(annotation='psp_enrichment_results//Neuronal_enhancers.annot', output='psp_enrichment_results//annotation_files/Neuronal_enhancers', chrom='5')
5
         CHR     BP          SNP   CM  base  ANNOT
7122554    5  10056  rs528775171  0.0     1      0
7122555    5  10062  rs548274346  0.0     1      0
7122556    5  10067  rs534589614  0.0     1      0
7122557    5  10098  rs552874010  0.0     1      0
7122558    5  10103  rs535280874  0.0     1      0


PS:

Read file <cluster/split_by_chr_annotprefix=Neuronal_enhancers,chr_nums=5.stderr> for stderr output of this job.

