Sender: LSF System <lsfadmin@lc05e19>
Subject: Job 89817654: <ldsc:split_by_chr:annotprefix=Astrocyte_enhancers,chr_nums=18> in cluster <chimera> Done

Job <ldsc:split_by_chr:annotprefix=Astrocyte_enhancers,chr_nums=18> was submitted from host <lc03e30> by user <ravia04> in cluster <chimera> at Tue May 16 15:10:11 2023
Job was executed on host(s) <4*lc05e19>, in queue <premium>, as user <ravia04> in cluster <chimera> at Tue May 16 15:10:15 2023
</hpc/users/ravia04> was used as the home directory.
</sc/arion/projects/ad-omics/ashvin/pipelines/ldsc> was used as the working directory.
Started at Tue May 16 15:10:15 2023
Terminated at Tue May 16 15:10:32 2023
Results reported at Tue May 16 15:10:32 2023

Your job looked like:

------------------------------------------------------------
# LSBATCH: User input
#!/bin/sh
# properties = {"type": "single", "rule": "split_by_chr", "local": false, "input": ["psp_enrichment_results//Astrocyte_enhancers.annot"], "output": ["psp_enrichment_results//annotation_files/Astrocyte_enhancers.a.18.annot.gz"], "wildcards": {"annotprefix": "Astrocyte_enhancers", "chr_nums": "18"}, "params": {"outfolder": ["psp_enrichment_results/"]}, "log": [], "threads": 1, "resources": {"tmpdir": "/tmp"}, "jobid": 69, "cluster": {"queue": "premium", "cores": 4, "mem": 3750, "time": "120", "name": "$(basename $(pwd)):split_by_chr:annotprefix=Astrocyte_enhancers,chr_nums=18", "output": "logs/split_by_chr:annotprefix=Astrocyte_enhancers,chr_nums=18.stdout", "error": "logs/split_by_chr:annotprefix=Astrocyte_enhancers,chr_nums=18.stderr", "himem": ""}}
 cd /sc/arion/projects/ad-omics/ashvin/pipelines/ldsc && \
/sc/arion/projects/ad-omics/conda/envs/snakemake/bin/python3.1 \
-m snakemake psp_enrichment_results//annotation_files/Astrocyte_enhancers.a.18.annot.gz --snakefile /sc/arion/projects/ad-omics/ashvin/pipelines/ldsc/Snakefile \
--force --cores all --keep-target-files --keep-remote --max-inventory-time 0 \
--wait-for-files '/sc/arion/projects/ad-omics/ashvin/pipelines/ldsc/.snakemake/tmp.nblzxt6t' 'psp_enrichment_results//Astrocyte_enhancers.annot' --latency-wait 30 \
 --attempt 1 --force-use-threads --scheduler ilp \
--wrapper-prefix https://github.com/snakemake/snakemake-wrappers/raw/ \
 --configfiles /sc/arion/projects/ad-omics/ashvin/pipelines/ldsc/config.yaml --config mode=Null  --allowed-rules split_by_chr --nocolor --notemp --no-hooks --nolock --scheduler-solver-path /sc/arion/projects/ad-omics/conda/envs/snakemake/bin \
--mode 2  --use-conda  --conda-frontend mamba  --conda-base-path /hpc/packages/minerva-common/anaconda3/5.0.1  --default-resources "tmpdir=system_tmpdir" 


------------------------------------------------------------

Successfully completed.

Resource usage summary:

    CPU time :                                   14.69 sec.
    Max Memory :                                 1335 MB
    Average Memory :                             842.36 MB
    Total Requested Memory :                     15000.00 MB
    Delta Memory :                               13665.00 MB
    Max Swap :                                   -
    Max Processes :                              6
    Max Threads :                                11
    Run time :                                   17 sec.
    Turnaround time :                            21 sec.

The output (if any) follows:

Namespace(annotation='psp_enrichment_results//Astrocyte_enhancers.annot', output='psp_enrichment_results//annotation_files/Astrocyte_enhancers', chrom='18')
18
         CHR     BP          SNP        CM  base  ANNOT
3827989   18  10854  rs187386705 -0.003379     1      0
3827990   18  11275  rs151112095 -0.001253     1      0
3827991   18  11358   rs77459974 -0.000833     1      0
3827992   18  11445  rs148956965 -0.000394     1      0
3827993   18  13859  rs145349993  0.009509     1      0


PS:

Read file <cluster/split_by_chr_annotprefix=Astrocyte_enhancers,chr_nums=18.stderr> for stderr output of this job.

