Sender: LSF System <lsfadmin@lc01g25>
Subject: Job 89817668: <ldsc:split_by_chr:annotprefix=Oligo_promoters,chr_nums=16> in cluster <chimera> Done

Job <ldsc:split_by_chr:annotprefix=Oligo_promoters,chr_nums=16> was submitted from host <lc03e30> by user <ravia04> in cluster <chimera> at Tue May 16 15:10:13 2023
Job was executed on host(s) <4*lc01g25>, in queue <premium>, as user <ravia04> in cluster <chimera> at Tue May 16 15:10:15 2023
</hpc/users/ravia04> was used as the home directory.
</sc/arion/projects/ad-omics/ashvin/pipelines/ldsc> was used as the working directory.
Started at Tue May 16 15:10:15 2023
Terminated at Tue May 16 15:10:34 2023
Results reported at Tue May 16 15:10:34 2023

Your job looked like:

------------------------------------------------------------
# LSBATCH: User input
#!/bin/sh
# properties = {"type": "single", "rule": "split_by_chr", "local": false, "input": ["psp_enrichment_results//Oligo_promoters.annot"], "output": ["psp_enrichment_results//annotation_files/Oligo_promoters.a.16.annot.gz"], "wildcards": {"annotprefix": "Oligo_promoters", "chr_nums": "16"}, "params": {"outfolder": ["psp_enrichment_results/"]}, "log": [], "threads": 1, "resources": {"tmpdir": "/tmp"}, "jobid": 90, "cluster": {"queue": "premium", "cores": 4, "mem": 3750, "time": "120", "name": "$(basename $(pwd)):split_by_chr:annotprefix=Oligo_promoters,chr_nums=16", "output": "logs/split_by_chr:annotprefix=Oligo_promoters,chr_nums=16.stdout", "error": "logs/split_by_chr:annotprefix=Oligo_promoters,chr_nums=16.stderr", "himem": ""}}
 cd /sc/arion/projects/ad-omics/ashvin/pipelines/ldsc && \
/sc/arion/projects/ad-omics/conda/envs/snakemake/bin/python3.1 \
-m snakemake psp_enrichment_results//annotation_files/Oligo_promoters.a.16.annot.gz --snakefile /sc/arion/projects/ad-omics/ashvin/pipelines/ldsc/Snakefile \
--force --cores all --keep-target-files --keep-remote --max-inventory-time 0 \
--wait-for-files '/sc/arion/projects/ad-omics/ashvin/pipelines/ldsc/.snakemake/tmp.nblzxt6t' 'psp_enrichment_results//Oligo_promoters.annot' --latency-wait 30 \
 --attempt 1 --force-use-threads --scheduler ilp \
--wrapper-prefix https://github.com/snakemake/snakemake-wrappers/raw/ \
 --configfiles /sc/arion/projects/ad-omics/ashvin/pipelines/ldsc/config.yaml --config mode=Null  --allowed-rules split_by_chr --nocolor --notemp --no-hooks --nolock --scheduler-solver-path /sc/arion/projects/ad-omics/conda/envs/snakemake/bin \
--mode 2  --use-conda  --conda-frontend mamba  --conda-base-path /hpc/packages/minerva-common/anaconda3/5.0.1  --default-resources "tmpdir=system_tmpdir" 


------------------------------------------------------------

Successfully completed.

Resource usage summary:

    CPU time :                                   13.12 sec.
    Max Memory :                                 1455 MB
    Average Memory :                             567.30 MB
    Total Requested Memory :                     15000.00 MB
    Delta Memory :                               13545.00 MB
    Max Swap :                                   -
    Max Processes :                              6
    Max Threads :                                11
    Run time :                                   17 sec.
    Turnaround time :                            21 sec.

The output (if any) follows:

Namespace(annotation='psp_enrichment_results//Oligo_promoters.annot', output='psp_enrichment_results//annotation_files/Oligo_promoters', chrom='16')
16
         CHR     BP          SNP        CM  base  ANNOT
3241786   16  60288  rs188810967 -0.014098     1      1
3241787   16  60778  rs185537431 -0.013808     1      0
3241788   16  61385  rs183895902 -0.013450     1      0
3241789   16  61977  rs572534626 -0.013101     1      0
3241790   16  62464  rs547776361 -0.012813     1      0


PS:

Read file <cluster/split_by_chr_annotprefix=Oligo_promoters,chr_nums=16.stderr> for stderr output of this job.

