Sender: LSF System <lsfadmin@lc01g33>
Subject: Job 89817605: <ldsc:split_by_chr:annotprefix=Astrocyte_enhancers,chr_nums=4> in cluster <chimera> Done

Job <ldsc:split_by_chr:annotprefix=Astrocyte_enhancers,chr_nums=4> was submitted from host <lc03e30> by user <ravia04> in cluster <chimera> at Tue May 16 15:10:06 2023
Job was executed on host(s) <4*lc01g33>, in queue <premium>, as user <ravia04> in cluster <chimera> at Tue May 16 15:10:10 2023
</hpc/users/ravia04> was used as the home directory.
</sc/arion/projects/ad-omics/ashvin/pipelines/ldsc> was used as the working directory.
Started at Tue May 16 15:10:10 2023
Terminated at Tue May 16 15:10:31 2023
Results reported at Tue May 16 15:10:31 2023

Your job looked like:

------------------------------------------------------------
# LSBATCH: User input
#!/bin/sh
# properties = {"type": "single", "rule": "split_by_chr", "local": false, "input": ["psp_enrichment_results//Astrocyte_enhancers.annot"], "output": ["psp_enrichment_results//annotation_files/Astrocyte_enhancers.a.4.annot.gz"], "wildcards": {"annotprefix": "Astrocyte_enhancers", "chr_nums": "4"}, "params": {"outfolder": ["psp_enrichment_results/"]}, "log": [], "threads": 1, "resources": {"tmpdir": "/tmp"}, "jobid": 55, "cluster": {"queue": "premium", "cores": 4, "mem": 3750, "time": "120", "name": "$(basename $(pwd)):split_by_chr:annotprefix=Astrocyte_enhancers,chr_nums=4", "output": "logs/split_by_chr:annotprefix=Astrocyte_enhancers,chr_nums=4.stdout", "error": "logs/split_by_chr:annotprefix=Astrocyte_enhancers,chr_nums=4.stderr", "himem": ""}}
 cd /sc/arion/projects/ad-omics/ashvin/pipelines/ldsc && \
/sc/arion/projects/ad-omics/conda/envs/snakemake/bin/python3.1 \
-m snakemake psp_enrichment_results//annotation_files/Astrocyte_enhancers.a.4.annot.gz --snakefile /sc/arion/projects/ad-omics/ashvin/pipelines/ldsc/Snakefile \
--force --cores all --keep-target-files --keep-remote --max-inventory-time 0 \
--wait-for-files '/sc/arion/projects/ad-omics/ashvin/pipelines/ldsc/.snakemake/tmp.nblzxt6t' 'psp_enrichment_results//Astrocyte_enhancers.annot' --latency-wait 30 \
 --attempt 1 --force-use-threads --scheduler ilp \
--wrapper-prefix https://github.com/snakemake/snakemake-wrappers/raw/ \
 --configfiles /sc/arion/projects/ad-omics/ashvin/pipelines/ldsc/config.yaml --config mode=Null  --allowed-rules split_by_chr --nocolor --notemp --no-hooks --nolock --scheduler-solver-path /sc/arion/projects/ad-omics/conda/envs/snakemake/bin \
--mode 2  --use-conda  --conda-frontend mamba  --conda-base-path /hpc/packages/minerva-common/anaconda3/5.0.1  --default-resources "tmpdir=system_tmpdir" 


------------------------------------------------------------

Successfully completed.

Resource usage summary:

    CPU time :                                   18.35 sec.
    Max Memory :                                 1358 MB
    Average Memory :                             960.23 MB
    Total Requested Memory :                     15000.00 MB
    Delta Memory :                               13642.00 MB
    Max Swap :                                   -
    Max Processes :                              6
    Max Threads :                                11
    Run time :                                   21 sec.
    Turnaround time :                            25 sec.

The output (if any) follows:

Namespace(annotation='psp_enrichment_results//Astrocyte_enhancers.annot', output='psp_enrichment_results//annotation_files/Astrocyte_enhancers', chrom='4')
4
         CHR     BP          SNP        CM  base  ANNOT
6392909    4  10253  rs575854682 -0.018713     1      0
6392910    4  10519  rs577504332 -0.018115     1      0
6392911    4  10695  rs186311976 -0.017720     1      0
6392912    4  11331  rs550071552 -0.016292     1      0
6392913    4  11355  rs189831852 -0.016238     1      0


PS:

Read file <cluster/split_by_chr_annotprefix=Astrocyte_enhancers,chr_nums=4.stderr> for stderr output of this job.

