Sender: LSF System <lsfadmin@lc05e14>
Subject: Job 89817683: <ldsc:split_by_chr:annotprefix=Oligo_promoters,chr_nums=15> in cluster <chimera> Done

Job <ldsc:split_by_chr:annotprefix=Oligo_promoters,chr_nums=15> was submitted from host <lc03e30> by user <ravia04> in cluster <chimera> at Tue May 16 15:10:15 2023
Job was executed on host(s) <4*lc05e14>, in queue <premium>, as user <ravia04> in cluster <chimera> at Tue May 16 15:10:19 2023
</hpc/users/ravia04> was used as the home directory.
</sc/arion/projects/ad-omics/ashvin/pipelines/ldsc> was used as the working directory.
Started at Tue May 16 15:10:19 2023
Terminated at Tue May 16 15:10:40 2023
Results reported at Tue May 16 15:10:40 2023

Your job looked like:

------------------------------------------------------------
# LSBATCH: User input
#!/bin/sh
# properties = {"type": "single", "rule": "split_by_chr", "local": false, "input": ["psp_enrichment_results//Oligo_promoters.annot"], "output": ["psp_enrichment_results//annotation_files/Oligo_promoters.a.15.annot.gz"], "wildcards": {"annotprefix": "Oligo_promoters", "chr_nums": "15"}, "params": {"outfolder": ["psp_enrichment_results/"]}, "log": [], "threads": 1, "resources": {"tmpdir": "/tmp"}, "jobid": 89, "cluster": {"queue": "premium", "cores": 4, "mem": 3750, "time": "120", "name": "$(basename $(pwd)):split_by_chr:annotprefix=Oligo_promoters,chr_nums=15", "output": "logs/split_by_chr:annotprefix=Oligo_promoters,chr_nums=15.stdout", "error": "logs/split_by_chr:annotprefix=Oligo_promoters,chr_nums=15.stderr", "himem": ""}}
 cd /sc/arion/projects/ad-omics/ashvin/pipelines/ldsc && \
/sc/arion/projects/ad-omics/conda/envs/snakemake/bin/python3.1 \
-m snakemake psp_enrichment_results//annotation_files/Oligo_promoters.a.15.annot.gz --snakefile /sc/arion/projects/ad-omics/ashvin/pipelines/ldsc/Snakefile \
--force --cores all --keep-target-files --keep-remote --max-inventory-time 0 \
--wait-for-files '/sc/arion/projects/ad-omics/ashvin/pipelines/ldsc/.snakemake/tmp.nblzxt6t' 'psp_enrichment_results//Oligo_promoters.annot' --latency-wait 30 \
 --attempt 1 --force-use-threads --scheduler ilp \
--wrapper-prefix https://github.com/snakemake/snakemake-wrappers/raw/ \
 --configfiles /sc/arion/projects/ad-omics/ashvin/pipelines/ldsc/config.yaml --config mode=Null  --allowed-rules split_by_chr --nocolor --notemp --no-hooks --nolock --scheduler-solver-path /sc/arion/projects/ad-omics/conda/envs/snakemake/bin \
--mode 2  --use-conda  --conda-frontend mamba  --conda-base-path /hpc/packages/minerva-common/anaconda3/5.0.1  --default-resources "tmpdir=system_tmpdir" 


------------------------------------------------------------

Successfully completed.

Resource usage summary:

    CPU time :                                   16.63 sec.
    Max Memory :                                 1438 MB
    Average Memory :                             828.73 MB
    Total Requested Memory :                     15000.00 MB
    Delta Memory :                               13562.00 MB
    Max Swap :                                   -
    Max Processes :                              6
    Max Threads :                                11
    Run time :                                   20 sec.
    Turnaround time :                            25 sec.

The output (if any) follows:

Namespace(annotation='psp_enrichment_results//Oligo_promoters.annot', output='psp_enrichment_results//annotation_files/Oligo_promoters', chrom='15')
15
         CHR        BP          SNP   CM  base  ANNOT
2954785   15  20000447   rs35861597  0.0     1      0
2954786   15  20000464  rs371804276  0.0     1      0
2954787   15  20000538  rs113772187  0.0     1      0
2954788   15  20000638   rs28859984  0.0     1      0
2954789   15  20001056  rs200712166  0.0     1      0


PS:

Read file <cluster/split_by_chr_annotprefix=Oligo_promoters,chr_nums=15.stderr> for stderr output of this job.

