Sender: LSF System <lsfadmin@lc03e10>
Subject: Job 89817572: <ldsc:split_by_chr:annotprefix=Microglia_promoters,chr_nums=12> in cluster <chimera> Done

Job <ldsc:split_by_chr:annotprefix=Microglia_promoters,chr_nums=12> was submitted from host <lc03e30> by user <ravia04> in cluster <chimera> at Tue May 16 15:10:03 2023
Job was executed on host(s) <4*lc03e10>, in queue <premium>, as user <ravia04> in cluster <chimera> at Tue May 16 15:10:05 2023
</hpc/users/ravia04> was used as the home directory.
</sc/arion/projects/ad-omics/ashvin/pipelines/ldsc> was used as the working directory.
Started at Tue May 16 15:10:05 2023
Terminated at Tue May 16 15:10:27 2023
Results reported at Tue May 16 15:10:27 2023

Your job looked like:

------------------------------------------------------------
# LSBATCH: User input
#!/bin/sh
# properties = {"type": "single", "rule": "split_by_chr", "local": false, "input": ["psp_enrichment_results//Microglia_promoters.annot"], "output": ["psp_enrichment_results//annotation_files/Microglia_promoters.a.12.annot.gz"], "wildcards": {"annotprefix": "Microglia_promoters", "chr_nums": "12"}, "params": {"outfolder": ["psp_enrichment_results/"]}, "log": [], "threads": 1, "resources": {"tmpdir": "/tmp"}, "jobid": 17, "cluster": {"queue": "premium", "cores": 4, "mem": 3750, "time": "120", "name": "$(basename $(pwd)):split_by_chr:annotprefix=Microglia_promoters,chr_nums=12", "output": "logs/split_by_chr:annotprefix=Microglia_promoters,chr_nums=12.stdout", "error": "logs/split_by_chr:annotprefix=Microglia_promoters,chr_nums=12.stderr", "himem": ""}}
 cd /sc/arion/projects/ad-omics/ashvin/pipelines/ldsc && \
/sc/arion/projects/ad-omics/conda/envs/snakemake/bin/python3.1 \
-m snakemake psp_enrichment_results//annotation_files/Microglia_promoters.a.12.annot.gz --snakefile /sc/arion/projects/ad-omics/ashvin/pipelines/ldsc/Snakefile \
--force --cores all --keep-target-files --keep-remote --max-inventory-time 0 \
--wait-for-files '/sc/arion/projects/ad-omics/ashvin/pipelines/ldsc/.snakemake/tmp.nblzxt6t' 'psp_enrichment_results//Microglia_promoters.annot' --latency-wait 30 \
 --attempt 1 --force-use-threads --scheduler ilp \
--wrapper-prefix https://github.com/snakemake/snakemake-wrappers/raw/ \
 --configfiles /sc/arion/projects/ad-omics/ashvin/pipelines/ldsc/config.yaml --config mode=Null  --allowed-rules split_by_chr --nocolor --notemp --no-hooks --nolock --scheduler-solver-path /sc/arion/projects/ad-omics/conda/envs/snakemake/bin \
--mode 2  --use-conda  --conda-frontend mamba  --conda-base-path /hpc/packages/minerva-common/anaconda3/5.0.1  --default-resources "tmpdir=system_tmpdir" 


------------------------------------------------------------

Successfully completed.

Resource usage summary:

    CPU time :                                   15.31 sec.
    Max Memory :                                 1466 MB
    Average Memory :                             717.00 MB
    Total Requested Memory :                     15000.00 MB
    Delta Memory :                               13534.00 MB
    Max Swap :                                   -
    Max Processes :                              6
    Max Threads :                                11
    Run time :                                   23 sec.
    Turnaround time :                            24 sec.

The output (if any) follows:

Namespace(annotation='psp_enrichment_results//Microglia_promoters.annot', output='psp_enrichment_results//annotation_files/Microglia_promoters', chrom='12')
12
         CHR     BP          SNP   CM  base  ANNOT
1783777   12  60317  rs566046722  0.0     1      0
1783778   12  61107  rs186362565  0.0     1      0
1783779   12  66688  rs376884772  0.0     1      0
1783780   12  67849  rs556539458  0.0     1      0
1783781   12  68178  rs542281151  0.0     1      0


PS:

Read file <cluster/split_by_chr_annotprefix=Microglia_promoters,chr_nums=12.stderr> for stderr output of this job.

