Sender: LSF System <lsfadmin@lc03e04>
Subject: Job 89817682: <ldsc:split_by_chr:annotprefix=Oligo_promoters,chr_nums=21> in cluster <chimera> Done

Job <ldsc:split_by_chr:annotprefix=Oligo_promoters,chr_nums=21> was submitted from host <lc03e30> by user <ravia04> in cluster <chimera> at Tue May 16 15:10:15 2023
Job was executed on host(s) <4*lc03e04>, in queue <premium>, as user <ravia04> in cluster <chimera> at Tue May 16 15:10:20 2023
</hpc/users/ravia04> was used as the home directory.
</sc/arion/projects/ad-omics/ashvin/pipelines/ldsc> was used as the working directory.
Started at Tue May 16 15:10:20 2023
Terminated at Tue May 16 15:10:39 2023
Results reported at Tue May 16 15:10:39 2023

Your job looked like:

------------------------------------------------------------
# LSBATCH: User input
#!/bin/sh
# properties = {"type": "single", "rule": "split_by_chr", "local": false, "input": ["psp_enrichment_results//Oligo_promoters.annot"], "output": ["psp_enrichment_results//annotation_files/Oligo_promoters.a.21.annot.gz"], "wildcards": {"annotprefix": "Oligo_promoters", "chr_nums": "21"}, "params": {"outfolder": ["psp_enrichment_results/"]}, "log": [], "threads": 1, "resources": {"tmpdir": "/tmp"}, "jobid": 95, "cluster": {"queue": "premium", "cores": 4, "mem": 3750, "time": "120", "name": "$(basename $(pwd)):split_by_chr:annotprefix=Oligo_promoters,chr_nums=21", "output": "logs/split_by_chr:annotprefix=Oligo_promoters,chr_nums=21.stdout", "error": "logs/split_by_chr:annotprefix=Oligo_promoters,chr_nums=21.stderr", "himem": ""}}
 cd /sc/arion/projects/ad-omics/ashvin/pipelines/ldsc && \
/sc/arion/projects/ad-omics/conda/envs/snakemake/bin/python3.1 \
-m snakemake psp_enrichment_results//annotation_files/Oligo_promoters.a.21.annot.gz --snakefile /sc/arion/projects/ad-omics/ashvin/pipelines/ldsc/Snakefile \
--force --cores all --keep-target-files --keep-remote --max-inventory-time 0 \
--wait-for-files '/sc/arion/projects/ad-omics/ashvin/pipelines/ldsc/.snakemake/tmp.nblzxt6t' 'psp_enrichment_results//Oligo_promoters.annot' --latency-wait 30 \
 --attempt 1 --force-use-threads --scheduler ilp \
--wrapper-prefix https://github.com/snakemake/snakemake-wrappers/raw/ \
 --configfiles /sc/arion/projects/ad-omics/ashvin/pipelines/ldsc/config.yaml --config mode=Null  --allowed-rules split_by_chr --nocolor --notemp --no-hooks --nolock --scheduler-solver-path /sc/arion/projects/ad-omics/conda/envs/snakemake/bin \
--mode 2  --use-conda  --conda-frontend mamba  --conda-base-path /hpc/packages/minerva-common/anaconda3/5.0.1  --default-resources "tmpdir=system_tmpdir" 


------------------------------------------------------------

Successfully completed.

Resource usage summary:

    CPU time :                                   15.11 sec.
    Max Memory :                                 1406 MB
    Average Memory :                             829.09 MB
    Total Requested Memory :                     15000.00 MB
    Delta Memory :                               13594.00 MB
    Max Swap :                                   -
    Max Processes :                              6
    Max Threads :                                11
    Run time :                                   20 sec.
    Turnaround time :                            24 sec.

The output (if any) follows:

Namespace(annotation='psp_enrichment_results//Oligo_promoters.annot', output='psp_enrichment_results//annotation_files/Oligo_promoters', chrom='21')
21
         CHR       BP          SNP        CM  base  ANNOT
5406724   21  9412099  rs146134162 -0.908263     1      0
5406725   21  9412377  rs578050168 -0.908090     1      0
5406726   21  9413645  rs527616997 -0.907297     1      0
5406727   21  9414796  rs544748596 -0.906578     1      0
5406728   21  9414921  rs528236937 -0.906500     1      0


PS:

Read file <cluster/split_by_chr_annotprefix=Oligo_promoters,chr_nums=21.stderr> for stderr output of this job.

