Sender: LSF System <lsfadmin@lc01g21>
Subject: Job 89817713: <ldsc:split_by_chr:annotprefix=Oligo_enhancers,chr_nums=20> in cluster <chimera> Done

Job <ldsc:split_by_chr:annotprefix=Oligo_enhancers,chr_nums=20> was submitted from host <lc03e30> by user <ravia04> in cluster <chimera> at Tue May 16 15:10:18 2023
Job was executed on host(s) <4*lc01g21>, in queue <premium>, as user <ravia04> in cluster <chimera> at Tue May 16 15:10:20 2023
</hpc/users/ravia04> was used as the home directory.
</sc/arion/projects/ad-omics/ashvin/pipelines/ldsc> was used as the working directory.
Started at Tue May 16 15:10:20 2023
Terminated at Tue May 16 15:10:35 2023
Results reported at Tue May 16 15:10:35 2023

Your job looked like:

------------------------------------------------------------
# LSBATCH: User input
#!/bin/sh
# properties = {"type": "single", "rule": "split_by_chr", "local": false, "input": ["psp_enrichment_results//Oligo_enhancers.annot"], "output": ["psp_enrichment_results//annotation_files/Oligo_enhancers.a.20.annot.gz"], "wildcards": {"annotprefix": "Oligo_enhancers", "chr_nums": "20"}, "params": {"outfolder": ["psp_enrichment_results/"]}, "log": [], "threads": 1, "resources": {"tmpdir": "/tmp"}, "jobid": 117, "cluster": {"queue": "premium", "cores": 4, "mem": 3750, "time": "120", "name": "$(basename $(pwd)):split_by_chr:annotprefix=Oligo_enhancers,chr_nums=20", "output": "logs/split_by_chr:annotprefix=Oligo_enhancers,chr_nums=20.stdout", "error": "logs/split_by_chr:annotprefix=Oligo_enhancers,chr_nums=20.stderr", "himem": ""}}
 cd /sc/arion/projects/ad-omics/ashvin/pipelines/ldsc && \
/sc/arion/projects/ad-omics/conda/envs/snakemake/bin/python3.1 \
-m snakemake psp_enrichment_results//annotation_files/Oligo_enhancers.a.20.annot.gz --snakefile /sc/arion/projects/ad-omics/ashvin/pipelines/ldsc/Snakefile \
--force --cores all --keep-target-files --keep-remote --max-inventory-time 0 \
--wait-for-files '/sc/arion/projects/ad-omics/ashvin/pipelines/ldsc/.snakemake/tmp.nblzxt6t' 'psp_enrichment_results//Oligo_enhancers.annot' --latency-wait 30 \
 --attempt 1 --force-use-threads --scheduler ilp \
--wrapper-prefix https://github.com/snakemake/snakemake-wrappers/raw/ \
 --configfiles /sc/arion/projects/ad-omics/ashvin/pipelines/ldsc/config.yaml --config mode=Null  --allowed-rules split_by_chr --nocolor --notemp --no-hooks --nolock --scheduler-solver-path /sc/arion/projects/ad-omics/conda/envs/snakemake/bin \
--mode 2  --use-conda  --conda-frontend mamba  --conda-base-path /hpc/packages/minerva-common/anaconda3/5.0.1  --default-resources "tmpdir=system_tmpdir" 


------------------------------------------------------------

Successfully completed.

Resource usage summary:

    CPU time :                                   12.15 sec.
    Max Memory :                                 1330 MB
    Average Memory :                             802.00 MB
    Total Requested Memory :                     15000.00 MB
    Delta Memory :                               13670.00 MB
    Max Swap :                                   -
    Max Processes :                              6
    Max Threads :                                11
    Run time :                                   16 sec.
    Turnaround time :                            17 sec.

The output (if any) follows:

Namespace(annotation='psp_enrichment_results//Oligo_enhancers.annot', output='psp_enrichment_results//annotation_files/Oligo_enhancers', chrom='20')
20
         CHR     BP          SNP        CM  base  ANNOT
5185098   20  61098    rs6078030 -0.000245     1      0
5185099   20  61270  rs143291093 -0.000185     1      0
5185100   20  61795    rs4814683  0.000000     1      0
5185101   20  62731   rs34147676  0.000328     1      0
5185102   20  63231    rs6076506  0.000503     1      0


PS:

Read file <cluster/split_by_chr_annotprefix=Oligo_enhancers,chr_nums=20.stderr> for stderr output of this job.

