Sender: LSF System <lsfadmin@lc01g22>
Subject: Job 89817647: <ldsc:split_by_chr:annotprefix=Neuronal_promoters,chr_nums=10> in cluster <chimera> Done

Job <ldsc:split_by_chr:annotprefix=Neuronal_promoters,chr_nums=10> was submitted from host <lc03e30> by user <ravia04> in cluster <chimera> at Tue May 16 15:10:11 2023
Job was executed on host(s) <4*lc01g22>, in queue <premium>, as user <ravia04> in cluster <chimera> at Tue May 16 15:10:15 2023
</hpc/users/ravia04> was used as the home directory.
</sc/arion/projects/ad-omics/ashvin/pipelines/ldsc> was used as the working directory.
Started at Tue May 16 15:10:15 2023
Terminated at Tue May 16 15:10:38 2023
Results reported at Tue May 16 15:10:38 2023

Your job looked like:

------------------------------------------------------------
# LSBATCH: User input
#!/bin/sh
# properties = {"type": "single", "rule": "split_by_chr", "local": false, "input": ["psp_enrichment_results//Neuronal_promoters.annot"], "output": ["psp_enrichment_results//annotation_files/Neuronal_promoters.a.10.annot.gz"], "wildcards": {"annotprefix": "Neuronal_promoters", "chr_nums": "10"}, "params": {"outfolder": ["psp_enrichment_results/"]}, "log": [], "threads": 1, "resources": {"tmpdir": "/tmp"}, "jobid": 130, "cluster": {"queue": "premium", "cores": 4, "mem": 3750, "time": "120", "name": "$(basename $(pwd)):split_by_chr:annotprefix=Neuronal_promoters,chr_nums=10", "output": "logs/split_by_chr:annotprefix=Neuronal_promoters,chr_nums=10.stdout", "error": "logs/split_by_chr:annotprefix=Neuronal_promoters,chr_nums=10.stderr", "himem": ""}}
 cd /sc/arion/projects/ad-omics/ashvin/pipelines/ldsc && \
/sc/arion/projects/ad-omics/conda/envs/snakemake/bin/python3.1 \
-m snakemake psp_enrichment_results//annotation_files/Neuronal_promoters.a.10.annot.gz --snakefile /sc/arion/projects/ad-omics/ashvin/pipelines/ldsc/Snakefile \
--force --cores all --keep-target-files --keep-remote --max-inventory-time 0 \
--wait-for-files '/sc/arion/projects/ad-omics/ashvin/pipelines/ldsc/.snakemake/tmp.nblzxt6t' 'psp_enrichment_results//Neuronal_promoters.annot' --latency-wait 30 \
 --attempt 1 --force-use-threads --scheduler ilp \
--wrapper-prefix https://github.com/snakemake/snakemake-wrappers/raw/ \
 --configfiles /sc/arion/projects/ad-omics/ashvin/pipelines/ldsc/config.yaml --config mode=Null  --allowed-rules split_by_chr --nocolor --notemp --no-hooks --nolock --scheduler-solver-path /sc/arion/projects/ad-omics/conda/envs/snakemake/bin \
--mode 2  --use-conda  --conda-frontend mamba  --conda-base-path /hpc/packages/minerva-common/anaconda3/5.0.1  --default-resources "tmpdir=system_tmpdir" 


------------------------------------------------------------

Successfully completed.

Resource usage summary:

    CPU time :                                   20.35 sec.
    Max Memory :                                 1463 MB
    Average Memory :                             773.23 MB
    Total Requested Memory :                     15000.00 MB
    Delta Memory :                               13537.00 MB
    Max Swap :                                   -
    Max Processes :                              6
    Max Threads :                                11
    Run time :                                   22 sec.
    Turnaround time :                            27 sec.

The output (if any) follows:

Namespace(annotation='psp_enrichment_results//Neuronal_promoters.annot', output='psp_enrichment_results//annotation_files/Neuronal_promoters', chrom='10')
10
        CHR     BP          SNP        CM  base  ANNOT
779354   10  60684  rs569167217 -0.001505     1      0
779355   10  61331  rs548639866 -0.001424     1      0
779356   10  61334  rs183305313 -0.001424     1      0
779357   10  61419  rs553163044 -0.001413     1      0
779358   10  63213  rs542543788 -0.001190     1      0


PS:

Read file <cluster/split_by_chr_annotprefix=Neuronal_promoters,chr_nums=10.stderr> for stderr output of this job.

