Sender: LSF System <lsfadmin@lc05e22>
Subject: Job 89817690: <ldsc:split_by_chr:annotprefix=Astrocyte_promoters,chr_nums=22> in cluster <chimera> Done

Job <ldsc:split_by_chr:annotprefix=Astrocyte_promoters,chr_nums=22> was submitted from host <lc03e30> by user <ravia04> in cluster <chimera> at Tue May 16 15:10:16 2023
Job was executed on host(s) <4*lc05e22>, in queue <premium>, as user <ravia04> in cluster <chimera> at Tue May 16 15:10:20 2023
</hpc/users/ravia04> was used as the home directory.
</sc/arion/projects/ad-omics/ashvin/pipelines/ldsc> was used as the working directory.
Started at Tue May 16 15:10:20 2023
Terminated at Tue May 16 15:10:38 2023
Results reported at Tue May 16 15:10:38 2023

Your job looked like:

------------------------------------------------------------
# LSBATCH: User input
#!/bin/sh
# properties = {"type": "single", "rule": "split_by_chr", "local": false, "input": ["psp_enrichment_results//Astrocyte_promoters.annot"], "output": ["psp_enrichment_results//annotation_files/Astrocyte_promoters.a.22.annot.gz"], "wildcards": {"annotprefix": "Astrocyte_promoters", "chr_nums": "22"}, "params": {"outfolder": ["psp_enrichment_results/"]}, "log": [], "threads": 1, "resources": {"tmpdir": "/tmp"}, "jobid": 50, "cluster": {"queue": "premium", "cores": 4, "mem": 3750, "time": "120", "name": "$(basename $(pwd)):split_by_chr:annotprefix=Astrocyte_promoters,chr_nums=22", "output": "logs/split_by_chr:annotprefix=Astrocyte_promoters,chr_nums=22.stdout", "error": "logs/split_by_chr:annotprefix=Astrocyte_promoters,chr_nums=22.stderr", "himem": ""}}
 cd /sc/arion/projects/ad-omics/ashvin/pipelines/ldsc && \
/sc/arion/projects/ad-omics/conda/envs/snakemake/bin/python3.1 \
-m snakemake psp_enrichment_results//annotation_files/Astrocyte_promoters.a.22.annot.gz --snakefile /sc/arion/projects/ad-omics/ashvin/pipelines/ldsc/Snakefile \
--force --cores all --keep-target-files --keep-remote --max-inventory-time 0 \
--wait-for-files '/sc/arion/projects/ad-omics/ashvin/pipelines/ldsc/.snakemake/tmp.nblzxt6t' 'psp_enrichment_results//Astrocyte_promoters.annot' --latency-wait 30 \
 --attempt 1 --force-use-threads --scheduler ilp \
--wrapper-prefix https://github.com/snakemake/snakemake-wrappers/raw/ \
 --configfiles /sc/arion/projects/ad-omics/ashvin/pipelines/ldsc/config.yaml --config mode=Null  --allowed-rules split_by_chr --nocolor --notemp --no-hooks --nolock --scheduler-solver-path /sc/arion/projects/ad-omics/conda/envs/snakemake/bin \
--mode 2  --use-conda  --conda-frontend mamba  --conda-base-path /hpc/packages/minerva-common/anaconda3/5.0.1  --default-resources "tmpdir=system_tmpdir" 


------------------------------------------------------------

Successfully completed.

Resource usage summary:

    CPU time :                                   14.94 sec.
    Max Memory :                                 1682 MB
    Average Memory :                             846.82 MB
    Total Requested Memory :                     15000.00 MB
    Delta Memory :                               13318.00 MB
    Max Swap :                                   -
    Max Processes :                              6
    Max Threads :                                11
    Run time :                                   19 sec.
    Turnaround time :                            22 sec.

The output (if any) follows:

Namespace(annotation='psp_enrichment_results//Astrocyte_promoters.annot', output='psp_enrichment_results//annotation_files/Astrocyte_promoters', chrom='22')
22
         CHR        BP          SNP        CM  base  ANNOT
5545436   22  16050840  rs587616822 -0.004900     1      0
5545437   22  16051249   rs62224609 -0.000947     1      0
5545438   22  16052463  rs587646183  0.010834     1      0
5545439   22  16052684  rs139918843  0.012980     1      0
5545440   22  16052837  rs587743102  0.014466     1      0


PS:

Read file <cluster/split_by_chr_annotprefix=Astrocyte_promoters,chr_nums=22.stderr> for stderr output of this job.

