Sender: LSF System <lsfadmin@lc01g32>
Subject: Job 89817694: <ldsc:split_by_chr:annotprefix=Oligo_enhancers,chr_nums=9> in cluster <chimera> Done

Job <ldsc:split_by_chr:annotprefix=Oligo_enhancers,chr_nums=9> was submitted from host <lc03e30> by user <ravia04> in cluster <chimera> at Tue May 16 15:10:16 2023
Job was executed on host(s) <4*lc01g32>, in queue <premium>, as user <ravia04> in cluster <chimera> at Tue May 16 15:10:19 2023
</hpc/users/ravia04> was used as the home directory.
</sc/arion/projects/ad-omics/ashvin/pipelines/ldsc> was used as the working directory.
Started at Tue May 16 15:10:19 2023
Terminated at Tue May 16 15:10:39 2023
Results reported at Tue May 16 15:10:39 2023

Your job looked like:

------------------------------------------------------------
# LSBATCH: User input
#!/bin/sh
# properties = {"type": "single", "rule": "split_by_chr", "local": false, "input": ["psp_enrichment_results//Oligo_enhancers.annot"], "output": ["psp_enrichment_results//annotation_files/Oligo_enhancers.a.9.annot.gz"], "wildcards": {"annotprefix": "Oligo_enhancers", "chr_nums": "9"}, "params": {"outfolder": ["psp_enrichment_results/"]}, "log": [], "threads": 1, "resources": {"tmpdir": "/tmp"}, "jobid": 106, "cluster": {"queue": "premium", "cores": 4, "mem": 3750, "time": "120", "name": "$(basename $(pwd)):split_by_chr:annotprefix=Oligo_enhancers,chr_nums=9", "output": "logs/split_by_chr:annotprefix=Oligo_enhancers,chr_nums=9.stdout", "error": "logs/split_by_chr:annotprefix=Oligo_enhancers,chr_nums=9.stderr", "himem": ""}}
 cd /sc/arion/projects/ad-omics/ashvin/pipelines/ldsc && \
/sc/arion/projects/ad-omics/conda/envs/snakemake/bin/python3.1 \
-m snakemake psp_enrichment_results//annotation_files/Oligo_enhancers.a.9.annot.gz --snakefile /sc/arion/projects/ad-omics/ashvin/pipelines/ldsc/Snakefile \
--force --cores all --keep-target-files --keep-remote --max-inventory-time 0 \
--wait-for-files '/sc/arion/projects/ad-omics/ashvin/pipelines/ldsc/.snakemake/tmp.nblzxt6t' 'psp_enrichment_results//Oligo_enhancers.annot' --latency-wait 30 \
 --attempt 1 --force-use-threads --scheduler ilp \
--wrapper-prefix https://github.com/snakemake/snakemake-wrappers/raw/ \
 --configfiles /sc/arion/projects/ad-omics/ashvin/pipelines/ldsc/config.yaml --config mode=Null  --allowed-rules split_by_chr --nocolor --notemp --no-hooks --nolock --scheduler-solver-path /sc/arion/projects/ad-omics/conda/envs/snakemake/bin \
--mode 2  --use-conda  --conda-frontend mamba  --conda-base-path /hpc/packages/minerva-common/anaconda3/5.0.1  --default-resources "tmpdir=system_tmpdir" 


------------------------------------------------------------

Successfully completed.

Resource usage summary:

    CPU time :                                   15.72 sec.
    Max Memory :                                 1333 MB
    Average Memory :                             855.45 MB
    Total Requested Memory :                     15000.00 MB
    Delta Memory :                               13667.00 MB
    Max Swap :                                   -
    Max Processes :                              6
    Max Threads :                                11
    Run time :                                   20 sec.
    Turnaround time :                            23 sec.

The output (if any) follows:

Namespace(annotation='psp_enrichment_results//Oligo_enhancers.annot', output='psp_enrichment_results//annotation_files/Oligo_enhancers', chrom='9')
9
         CHR     BP          SNP        CM  base  ANNOT
9559125    9  12704  rs565232463 -0.054748     1      0
9559126    9  12705  rs577055820 -0.054747     1      0
9559127    9  13953  rs560178079 -0.052324     1      0
9559128    9  13962   rs56270338 -0.052307     1      0
9559129    9  14816  rs200377821 -0.050649     1      0


PS:

Read file <cluster/split_by_chr_annotprefix=Oligo_enhancers,chr_nums=9.stderr> for stderr output of this job.

