Sender: LSF System <lsfadmin@lc05e15>
Subject: Job 89817730: <ldsc:split_by_chr:annotprefix=Oligo_enhancers,chr_nums=1> in cluster <chimera> Done

Job <ldsc:split_by_chr:annotprefix=Oligo_enhancers,chr_nums=1> was submitted from host <lc03e30> by user <ravia04> in cluster <chimera> at Tue May 16 15:10:19 2023
Job was executed on host(s) <4*lc05e15>, in queue <premium>, as user <ravia04> in cluster <chimera> at Tue May 16 15:10:22 2023
</hpc/users/ravia04> was used as the home directory.
</sc/arion/projects/ad-omics/ashvin/pipelines/ldsc> was used as the working directory.
Started at Tue May 16 15:10:22 2023
Terminated at Tue May 16 15:10:45 2023
Results reported at Tue May 16 15:10:45 2023

Your job looked like:

------------------------------------------------------------
# LSBATCH: User input
#!/bin/sh
# properties = {"type": "single", "rule": "split_by_chr", "local": false, "input": ["psp_enrichment_results//Oligo_enhancers.annot"], "output": ["psp_enrichment_results//annotation_files/Oligo_enhancers.a.1.annot.gz"], "wildcards": {"annotprefix": "Oligo_enhancers", "chr_nums": "1"}, "params": {"outfolder": ["psp_enrichment_results/"]}, "log": [], "threads": 1, "resources": {"tmpdir": "/tmp"}, "jobid": 97, "cluster": {"queue": "premium", "cores": 4, "mem": 3750, "time": "120", "name": "$(basename $(pwd)):split_by_chr:annotprefix=Oligo_enhancers,chr_nums=1", "output": "logs/split_by_chr:annotprefix=Oligo_enhancers,chr_nums=1.stdout", "error": "logs/split_by_chr:annotprefix=Oligo_enhancers,chr_nums=1.stderr", "himem": ""}}
 cd /sc/arion/projects/ad-omics/ashvin/pipelines/ldsc && \
/sc/arion/projects/ad-omics/conda/envs/snakemake/bin/python3.1 \
-m snakemake psp_enrichment_results//annotation_files/Oligo_enhancers.a.1.annot.gz --snakefile /sc/arion/projects/ad-omics/ashvin/pipelines/ldsc/Snakefile \
--force --cores all --keep-target-files --keep-remote --max-inventory-time 0 \
--wait-for-files '/sc/arion/projects/ad-omics/ashvin/pipelines/ldsc/.snakemake/tmp.nblzxt6t' 'psp_enrichment_results//Oligo_enhancers.annot' --latency-wait 30 \
 --attempt 1 --force-use-threads --scheduler ilp \
--wrapper-prefix https://github.com/snakemake/snakemake-wrappers/raw/ \
 --configfiles /sc/arion/projects/ad-omics/ashvin/pipelines/ldsc/config.yaml --config mode=Null  --allowed-rules split_by_chr --nocolor --notemp --no-hooks --nolock --scheduler-solver-path /sc/arion/projects/ad-omics/conda/envs/snakemake/bin \
--mode 2  --use-conda  --conda-frontend mamba  --conda-base-path /hpc/packages/minerva-common/anaconda3/5.0.1  --default-resources "tmpdir=system_tmpdir" 


------------------------------------------------------------

Successfully completed.

Resource usage summary:

    CPU time :                                   19.03 sec.
    Max Memory :                                 1359 MB
    Average Memory :                             927.23 MB
    Total Requested Memory :                     15000.00 MB
    Delta Memory :                               13641.00 MB
    Max Swap :                                   -
    Max Processes :                              6
    Max Threads :                                11
    Run time :                                   23 sec.
    Turnaround time :                            26 sec.

The output (if any) follows:

Namespace(annotation='psp_enrichment_results//Oligo_enhancers.annot', output='psp_enrichment_results//annotation_files/Oligo_enhancers', chrom='1')
1
   CHR     BP          SNP   CM  base  ANNOT
0    1  11008  rs575272151  0.0     1      0
1    1  11012  rs544419019  0.0     1      0
2    1  13110  rs540538026  0.0     1      0
3    1  13116   rs62635286  0.0     1      0
4    1  13118  rs200579949  0.0     1      0


PS:

Read file <cluster/split_by_chr_annotprefix=Oligo_enhancers,chr_nums=1.stderr> for stderr output of this job.

