Sender: LSF System <lsfadmin@lc05e18>
Subject: Job 89817663: <ldsc:split_by_chr:annotprefix=Astrocyte_enhancers,chr_nums=21> in cluster <chimera> Done

Job <ldsc:split_by_chr:annotprefix=Astrocyte_enhancers,chr_nums=21> was submitted from host <lc03e30> by user <ravia04> in cluster <chimera> at Tue May 16 15:10:12 2023
Job was executed on host(s) <4*lc05e18>, in queue <premium>, as user <ravia04> in cluster <chimera> at Tue May 16 15:10:15 2023
</hpc/users/ravia04> was used as the home directory.
</sc/arion/projects/ad-omics/ashvin/pipelines/ldsc> was used as the working directory.
Started at Tue May 16 15:10:15 2023
Terminated at Tue May 16 15:10:34 2023
Results reported at Tue May 16 15:10:34 2023

Your job looked like:

------------------------------------------------------------
# LSBATCH: User input
#!/bin/sh
# properties = {"type": "single", "rule": "split_by_chr", "local": false, "input": ["psp_enrichment_results//Astrocyte_enhancers.annot"], "output": ["psp_enrichment_results//annotation_files/Astrocyte_enhancers.a.21.annot.gz"], "wildcards": {"annotprefix": "Astrocyte_enhancers", "chr_nums": "21"}, "params": {"outfolder": ["psp_enrichment_results/"]}, "log": [], "threads": 1, "resources": {"tmpdir": "/tmp"}, "jobid": 72, "cluster": {"queue": "premium", "cores": 4, "mem": 3750, "time": "120", "name": "$(basename $(pwd)):split_by_chr:annotprefix=Astrocyte_enhancers,chr_nums=21", "output": "logs/split_by_chr:annotprefix=Astrocyte_enhancers,chr_nums=21.stdout", "error": "logs/split_by_chr:annotprefix=Astrocyte_enhancers,chr_nums=21.stderr", "himem": ""}}
 cd /sc/arion/projects/ad-omics/ashvin/pipelines/ldsc && \
/sc/arion/projects/ad-omics/conda/envs/snakemake/bin/python3.1 \
-m snakemake psp_enrichment_results//annotation_files/Astrocyte_enhancers.a.21.annot.gz --snakefile /sc/arion/projects/ad-omics/ashvin/pipelines/ldsc/Snakefile \
--force --cores all --keep-target-files --keep-remote --max-inventory-time 0 \
--wait-for-files '/sc/arion/projects/ad-omics/ashvin/pipelines/ldsc/.snakemake/tmp.nblzxt6t' 'psp_enrichment_results//Astrocyte_enhancers.annot' --latency-wait 30 \
 --attempt 1 --force-use-threads --scheduler ilp \
--wrapper-prefix https://github.com/snakemake/snakemake-wrappers/raw/ \
 --configfiles /sc/arion/projects/ad-omics/ashvin/pipelines/ldsc/config.yaml --config mode=Null  --allowed-rules split_by_chr --nocolor --notemp --no-hooks --nolock --scheduler-solver-path /sc/arion/projects/ad-omics/conda/envs/snakemake/bin \
--mode 2  --use-conda  --conda-frontend mamba  --conda-base-path /hpc/packages/minerva-common/anaconda3/5.0.1  --default-resources "tmpdir=system_tmpdir" 


------------------------------------------------------------

Successfully completed.

Resource usage summary:

    CPU time :                                   15.40 sec.
    Max Memory :                                 1627 MB
    Average Memory :                             843.64 MB
    Total Requested Memory :                     15000.00 MB
    Delta Memory :                               13373.00 MB
    Max Swap :                                   -
    Max Processes :                              6
    Max Threads :                                11
    Run time :                                   18 sec.
    Turnaround time :                            22 sec.

The output (if any) follows:

Namespace(annotation='psp_enrichment_results//Astrocyte_enhancers.annot', output='psp_enrichment_results//annotation_files/Astrocyte_enhancers', chrom='21')
21
         CHR       BP          SNP        CM  base  ANNOT
5406724   21  9412099  rs146134162 -0.908263     1      0
5406725   21  9412377  rs578050168 -0.908090     1      0
5406726   21  9413645  rs527616997 -0.907297     1      0
5406727   21  9414796  rs544748596 -0.906578     1      0
5406728   21  9414921  rs528236937 -0.906500     1      0


PS:

Read file <cluster/split_by_chr_annotprefix=Astrocyte_enhancers,chr_nums=21.stderr> for stderr output of this job.

